#
# There is insufficient memory for the Java Runtime Environment to continue.
# Native memory allocation (mmap) failed to map 143130624 bytes for committing reserved memory.
# Possible reasons:
#   The system is out of physical RAM or swap space
#   In 32 bit mode, the process size limit was hit
# Possible solutions:
#   Reduce memory load on the system
#   Increase physical memory or swap space
#   Check if swap backing store is full
#   Use 64 bit Java on a 64 bit OS
#   Decrease Java heap size (-Xmx/-Xms)
#   Decrease number of Java threads
#   Decrease Java thread stack sizes (-Xss)
#   Set larger code cache with -XX:ReservedCodeCacheSize=
# This output file may be truncated or incomplete.
#
#  Out of Memory Error (os_linux.cpp:2627), pid=10315, tid=0x00007f826b18e700
#
# JRE version: OpenJDK Runtime Environment (8.0_76-b03) (build 1.8.0_76-release-b03)
# Java VM: OpenJDK 64-Bit Server VM (25.76-b03 mixed mode linux-amd64 compressed oops)
# Failed to write core dump. Core dumps have been disabled. To enable core dumping, try "ulimit -c unlimited" before starting Java again
#

---------------  T H R E A D  ---------------

Current thread (0x00007f8284077800):  VMThread [stack: 0x00007f826b08e000,0x00007f826b18f000] [id=10324]

Stack: [0x00007f826b08e000,0x00007f826b18f000],  sp=0x00007f826b18d4c0,  free space=1021k
Native frames: (J=compiled Java code, j=interpreted, Vv=VM code, C=native code)
V  [libjvm.so+0x9d9fcd]  VMError::report_and_die()+0x15d
V  [libjvm.so+0x4b4d4a]  report_vm_out_of_memory(char const*, int, unsigned long, VMErrorType, char const*)+0x8a
V  [libjvm.so+0x845190]  os::pd_commit_memory(char*, unsigned long, unsigned long, bool)+0xf0
V  [libjvm.so+0x83fcbf]  os::commit_memory(char*, unsigned long, unsigned long, bool)+0x1f
V  [libjvm.so+0x8b4d9b]  PSVirtualSpace::expand_by(unsigned long)+0x5b
V  [libjvm.so+0x8b5a10]  PSYoungGen::resize_generation(unsigned long, unsigned long)+0xb0
V  [libjvm.so+0x8b5d2b]  PSYoungGen::resize(unsigned long, unsigned long)+0x1b
V  [libjvm.so+0x8b241c]  PSScavenge::invoke_no_policy()+0xdac
V  [libjvm.so+0x8b2bf8]  PSScavenge::invoke()+0x38
V  [libjvm.so+0x8681f3]  ParallelScavengeHeap::failed_mem_allocate(unsigned long)+0x63
V  [libjvm.so+0x9dba94]  VM_ParallelGCFailedAllocation::doit()+0x84
V  [libjvm.so+0x9dfe47]  VM_Operation::evaluate()+0x47
V  [libjvm.so+0x9de908]  VMThread::evaluate_operation(VM_Operation*)+0x2c8
V  [libjvm.so+0x9ded89]  VMThread::loop()+0x219
V  [libjvm.so+0x9df1d2]  VMThread::run()+0x72
V  [libjvm.so+0x8425b2]  java_start(Thread*)+0xf2

VM_Operation (0x00007f8218169d40): ParallelGCFailedAllocation, mode: safepoint, requested by thread 0x00007f81f4018000


---------------  P R O C E S S  ---------------

Java Threads: ( => current thread )
  0x00007f81f4018000 JavaThread "pool-14-thread-4" [_thread_blocked, id=11367, stack(0x00007f821806b000,0x00007f821816c000)]
  0x00007f81f4002800 JavaThread "pool-15-thread-1" [_thread_blocked, id=11364, stack(0x00007f821926f000,0x00007f8219370000)]
  0x00007f8214002800 JavaThread "pool-4-thread-3" [_thread_blocked, id=11362, stack(0x00007f821856c000,0x00007f821866d000)]
  0x00007f821ccf3800 JavaThread "pool-12-thread-1" [_thread_blocked, id=11361, stack(0x00007f8219673000,0x00007f8219774000)]
  0x00007f821c017000 JavaThread "Stdin handler" [_thread_blocked, id=11359, stack(0x00007f8268877000,0x00007f8268978000)]
  0x00007f821c009800 JavaThread "Asynchronous log dispatcher for org.gradle.launcher.daemon.server.DefaultDaemonConnection@35b49b42" [_thread_blocked, id=11357, stack(0x00007f8268978000,0x00007f8268a79000)]
  0x00007f823001e000 JavaThread "Daemon worker Thread 4" [_thread_blocked, id=11355, stack(0x00007f8268a79000,0x00007f8268b7a000)]
  0x00007f823000a000 JavaThread "Cancel handler" [_thread_blocked, id=11354, stack(0x00007f8268b7a000,0x00007f8268c7b000)]
  0x00007f823000e000 JavaThread "Handler for socket connection from /127.0.0.1:40230 to /127.0.0.1:51055" [_thread_in_native, id=11353, stack(0x00007f8268c7b000,0x00007f8268d7c000)]
  0x00007f8238015800 JavaThread "Daemon Thread 4" [_thread_blocked, id=11352, stack(0x00007f8268d7c000,0x00007f8268e7d000)]
  0x00007f8214001000 JavaThread "pool-4-thread-2" [_thread_blocked, id=11123, stack(0x00007f8219370000,0x00007f8219471000)]
  0x00007f8200005000 JavaThread "pool-4-thread-1" [_thread_blocked, id=10354, stack(0x00007f8219572000,0x00007f8219673000)]
  0x00007f821c2d0000 JavaThread "pool-2-thread-1" [_thread_blocked, id=10346, stack(0x00007f821b42a000,0x00007f821b52b000)]
  0x00007f821c84b800 JavaThread "File lock request listener" [_thread_in_native, id=10345, stack(0x00007f82680c4000,0x00007f82681c5000)]
  0x00007f8284b42800 JavaThread "pool-1-thread-1" [_thread_blocked, id=10334, stack(0x00007f8268e7d000,0x00007f8268f7e000)]
  0x00007f8284b0a800 JavaThread "Incoming local TCP Connector on port 40230" [_thread_in_native, id=10333, stack(0x00007f8269185000,0x00007f8269286000)]
  0x00007f82840d9800 JavaThread "Service Thread" daemon [_thread_blocked, id=10331, stack(0x00007f826a7be000,0x00007f826a8bf000)]
  0x00007f82840bc800 JavaThread "C1 CompilerThread2" daemon [_thread_blocked, id=10330, stack(0x00007f826a8bf000,0x00007f826a9c0000)]
  0x00007f82840ba800 JavaThread "C2 CompilerThread1" daemon [_thread_blocked, id=10329, stack(0x00007f826a9c0000,0x00007f826aac1000)]
  0x00007f82840b7800 JavaThread "C2 CompilerThread0" daemon [_thread_blocked, id=10328, stack(0x00007f826aac1000,0x00007f826abc2000)]
  0x00007f82840b6000 JavaThread "Signal Dispatcher" daemon [_thread_blocked, id=10327, stack(0x00007f826abc2000,0x00007f826acc3000)]
  0x00007f8284083800 JavaThread "Finalizer" daemon [_thread_blocked, id=10326, stack(0x00007f826ae8c000,0x00007f826af8d000)]
  0x00007f828407f000 JavaThread "Reference Handler" daemon [_thread_blocked, id=10325, stack(0x00007f826af8d000,0x00007f826b08e000)]
  0x00007f828400a000 JavaThread "main" [_thread_blocked, id=10319, stack(0x00007f828a8f9000,0x00007f828a9fa000)]

Other Threads:
=>0x00007f8284077800 VMThread [stack: 0x00007f826b08e000,0x00007f826b18f000] [id=10324]
  0x00007f82840dc000 WatcherThread [stack: 0x00007f826a6bd000,0x00007f826a7be000] [id=10332]

VM state:at safepoint (normal execution)

VM Mutex/Monitor currently owned by a thread:  ([mutex/lock_event])
[0x00007f8284006450] Threads_lock - owner thread: 0x00007f8284077800
[0x00007f8284006950] Heap_lock - owner thread: 0x00007f81f4018000

Heap:
 PSYoungGen      total 291328K, used 89580K [0x00000000e0000000, 0x00000000f7400000, 0x0000000100000000)
  eden space 201728K, 0% used [0x00000000e0000000,0x00000000e0000000,0x00000000ec500000)
  from space 89600K, 99% used [0x00000000f1c80000,0x00000000f73fb1f8,0x00000000f7400000)
  to   space 81408K, 0% used [0x00000000ecc80000,0x00000000ecc80000,0x00000000f1c00000)
 ParOldGen       total 218112K, used 193348K [0x00000000a0000000, 0x00000000ad500000, 0x00000000e0000000)
  object space 218112K, 88% used [0x00000000a0000000,0x00000000abcd12f0,0x00000000ad500000)
 Metaspace       used 75827K, capacity 77846K, committed 77952K, reserved 1118208K
  class space    used 9440K, capacity 9841K, committed 9856K, reserved 1048576K

Card table byte_map: [0x00007f827430c000,0x00007f827460d000] byte_map_base: 0x00007f8273e0c000

Marking Bits: (ParMarkBitMap*) 0x00007f8289df21a0
 Begin Bits: [0x00007f8270e09000, 0x00007f8272609000)
 End Bits:   [0x00007f8272609000, 0x00007f8273e09000)

Polling page: 0x00007f828aa1f000

CodeCache: size=245760Kb used=44192Kb max_used=44192Kb free=201567Kb
 bounds [0x00007f82749cd000, 0x00007f827753d000, 0x00007f82839cd000]
 total_blobs=13118 nmethods=12367 adapters=663
 compilation: enabled

Compilation events (10 events):
Event: 2894.234 Thread 0x00007f82840bc800 15243       1       com.android.dx.cf.code.ByteCatchList$Item::getHandlerPc (5 bytes)
Event: 2894.234 Thread 0x00007f82840bc800 nmethod 15243 0x00007f8277537490 code [0x00007f82775375e0, 0x00007f82775376f0]
Event: 2894.234 Thread 0x00007f82840bc800 15239       1       com.android.dx.cf.code.ByteCatchList$Item::getStartPc (5 bytes)
Event: 2894.235 Thread 0x00007f82840bc800 nmethod 15239 0x00007f8277537750 code [0x00007f82775378a0, 0x00007f82775379b0]
Event: 2894.235 Thread 0x00007f82840bc800 15240       1       com.android.dx.cf.code.ByteCatchList$Item::getEndPc (5 bytes)
Event: 2894.235 Thread 0x00007f82840bc800 nmethod 15240 0x00007f8277537a10 code [0x00007f8277537b60, 0x00007f8277537c70]
Event: 2894.238 Thread 0x00007f82840bc800 15248       3       com.android.dx.ssa.LocalVariableExtractor::doit (59 bytes)
Event: 2894.238 Thread 0x00007f82840bc800 nmethod 15248 0x00007f8277537cd0 code [0x00007f8277537e80, 0x00007f82775383a8]
Event: 2894.242 Thread 0x00007f82840bc800 15249       3       com.android.dx.ssa.DomFront::run (60 bytes)
Event: 2894.243 Thread 0x00007f82840bc800 nmethod 15249 0x00007f8277538590 code [0x00007f82775387c0, 0x00007f8277539238]

GC Heap History (10 events):
Event: 2044.907 GC heap after
Heap after GC invocations=19 (full 4):
 PSYoungGen      total 249344K, used 52715K [0x00000000e0000000, 0x00000000f4900000, 0x0000000100000000)
  eden space 196608K, 0% used [0x00000000e0000000,0x00000000e0000000,0x00000000ec000000)
  from space 52736K, 99% used [0x00000000ee880000,0x00000000f1bfafb0,0x00000000f1c00000)
  to   space 46080K, 0% used [0x00000000f1c00000,0x00000000f1c00000,0x00000000f4900000)
 ParOldGen       total 156672K, used 133895K [0x00000000a0000000, 0x00000000a9900000, 0x00000000e0000000)
  object space 156672K, 85% used [0x00000000a0000000,0x00000000a82c1f70,0x00000000a9900000)
 Metaspace       used 70230K, capacity 72094K, committed 72320K, reserved 1112064K
  class space    used 8881K, capacity 9251K, committed 9344K, reserved 1048576K
}
Event: 2044.907 GC heap before
{Heap before GC invocations=20 (full 5):
 PSYoungGen      total 249344K, used 52715K [0x00000000e0000000, 0x00000000f4900000, 0x0000000100000000)
  eden space 196608K, 0% used [0x00000000e0000000,0x00000000e0000000,0x00000000ec000000)
  from space 52736K, 99% used [0x00000000ee880000,0x00000000f1bfafb0,0x00000000f1c00000)
  to   space 46080K, 0% used [0x00000000f1c00000,0x00000000f1c00000,0x00000000f4900000)
 ParOldGen       total 156672K, used 133895K [0x00000000a0000000, 0x00000000a9900000, 0x00000000e0000000)
  object space 156672K, 85% used [0x00000000a0000000,0x00000000a82c1f70,0x00000000a9900000)
 Metaspace       used 70230K, capacity 72094K, committed 72320K, reserved 1112064K
  class space    used 8881K, capacity 9251K, committed 9344K, reserved 1048576K
Event: 2045.329 GC heap after
Heap after GC invocations=20 (full 5):
 PSYoungGen      total 249344K, used 16948K [0x00000000e0000000, 0x00000000f4900000, 0x0000000100000000)
  eden space 196608K, 0% used [0x00000000e0000000,0x00000000e0000000,0x00000000ec000000)
  from space 52736K, 32% used [0x00000000ee880000,0x00000000ef90d3f8,0x00000000f1c00000)
  to   space 46080K, 0% used [0x00000000f1c00000,0x00000000f1c00000,0x00000000f4900000)
 ParOldGen       total 156672K, used 156509K [0x00000000a0000000, 0x00000000a9900000, 0x00000000e0000000)
  object space 156672K, 99% used [0x00000000a0000000,0x00000000a98d74a0,0x00000000a9900000)
 Metaspace       used 69624K, capacity 71212K, committed 72320K, reserved 1112064K
  class space    used 8780K, capacity 9098K, committed 9344K, reserved 1048576K
}
Event: 2113.938 GC heap before
{Heap before GC invocations=21 (full 6):
 PSYoungGen      total 249344K, used 213556K [0x00000000e0000000, 0x00000000f4900000, 0x0000000100000000)
  eden space 196608K, 100% used [0x00000000e0000000,0x00000000ec000000,0x00000000ec000000)
  from space 52736K, 32% used [0x00000000ee880000,0x00000000ef90d3f8,0x00000000f1c00000)
  to   space 46080K, 0% used [0x00000000f1c00000,0x00000000f1c00000,0x00000000f4900000)
 ParOldGen       total 156672K, used 156509K [0x00000000a0000000, 0x00000000a9900000, 0x00000000e0000000)
  object space 156672K, 99% used [0x00000000a0000000,0x00000000a98d74a0,0x00000000a9900000)
 Metaspace       used 70785K, capacity 72612K, committed 73088K, reserved 1114112K
  class space    used 8878K, capacity 9230K, committed 9344K, reserved 1048576K
Event: 2114.167 GC heap after
Heap after GC invocations=21 (full 6):
 PSYoungGen      total 249344K, used 0K [0x00000000e0000000, 0x00000000f4900000, 0x0000000100000000)
  eden space 196608K, 0% used [0x00000000e0000000,0x00000000e0000000,0x00000000ec000000)
  from space 52736K, 0% used [0x00000000ee880000,0x00000000ee880000,0x00000000f1c00000)
  to   space 46080K, 0% used [0x00000000f1c00000,0x00000000f1c00000,0x00000000f4900000)
 ParOldGen       total 218112K, used 127220K [0x00000000a0000000, 0x00000000ad500000, 0x00000000e0000000)
  object space 218112K, 58% used [0x00000000a0000000,0x00000000a7c3d1e8,0x00000000ad500000)
 Metaspace       used 66849K, capacity 68580K, committed 73088K, reserved 1114112K
  class space    used 8389K, capacity 8730K, committed 9344K, reserved 1048576K
}
Event: 2115.853 GC heap before
{Heap before GC invocations=22 (full 6):
 PSYoungGen      total 249344K, used 196608K [0x00000000e0000000, 0x00000000f4900000, 0x0000000100000000)
  eden space 196608K, 100% used [0x00000000e0000000,0x00000000ec000000,0x00000000ec000000)
  from space 52736K, 0% used [0x00000000ee880000,0x00000000ee880000,0x00000000f1c00000)
  to   space 46080K, 0% used [0x00000000f1c00000,0x00000000f1c00000,0x00000000f4900000)
 ParOldGen       total 218112K, used 127220K [0x00000000a0000000, 0x00000000ad500000, 0x00000000e0000000)
  object space 218112K, 58% used [0x00000000a0000000,0x00000000a7c3d1e8,0x00000000ad500000)
 Metaspace       used 71002K, capacity 72794K, committed 73088K, reserved 1114112K
  class space    used 8888K, capacity 9265K, committed 9344K, reserved 1048576K
Event: 2115.896 GC heap after
Heap after GC invocations=22 (full 6):
 PSYoungGen      total 255488K, used 46053K [0x00000000e0000000, 0x00000000f8780000, 0x0000000100000000)
  eden space 209408K, 0% used [0x00000000e0000000,0x00000000e0000000,0x00000000ecc80000)
  from space 46080K, 99% used [0x00000000f1c00000,0x00000000f48f9550,0x00000000f4900000)
  to   space 81408K, 0% used [0x00000000ecc80000,0x00000000ecc80000,0x00000000f1c00000)
 ParOldGen       total 218112K, used 149085K [0x00000000a0000000, 0x00000000ad500000, 0x00000000e0000000)
  object space 218112K, 68% used [0x00000000a0000000,0x00000000a9197648,0x00000000ad500000)
 Metaspace       used 71002K, capacity 72794K, committed 73088K, reserved 1114112K
  class space    used 8888K, capacity 9265K, committed 9344K, reserved 1048576K
}
Event: 2892.801 GC heap before
{Heap before GC invocations=23 (full 6):
 PSYoungGen      total 255488K, used 255461K [0x00000000e0000000, 0x00000000f8780000, 0x0000000100000000)
  eden space 209408K, 100% used [0x00000000e0000000,0x00000000ecc80000,0x00000000ecc80000)
  from space 46080K, 99% used [0x00000000f1c00000,0x00000000f48f9550,0x00000000f4900000)
  to   space 81408K, 0% used [0x00000000ecc80000,0x00000000ecc80000,0x00000000f1c00000)
 ParOldGen       total 218112K, used 149085K [0x00000000a0000000, 0x00000000ad500000, 0x00000000e0000000)
  object space 218112K, 68% used [0x00000000a0000000,0x00000000a9197648,0x00000000ad500000)
 Metaspace       used 71911K, capacity 73856K, committed 73984K, reserved 1114112K
  class space    used 8954K, capacity 9348K, committed 9472K, reserved 1048576K
Event: 2892.831 GC heap after
Heap after GC invocations=23 (full 6):
 PSYoungGen      total 283136K, used 65011K [0x00000000e0000000, 0x00000000f7400000, 0x0000000100000000)
  eden space 201728K, 0% used [0x00000000e0000000,0x00000000e0000000,0x00000000ec500000)
  from space 81408K, 79% used [0x00000000ecc80000,0x00000000f0bfcfc0,0x00000000f1c00000)
  to   space 89600K, 0% used [0x00000000f1c80000,0x00000000f1c80000,0x00000000f7400000)
 ParOldGen       total 218112K, used 149093K [0x00000000a0000000, 0x00000000ad500000, 0x00000000e0000000)
  object space 218112K, 68% used [0x00000000a0000000,0x00000000a9199648,0x00000000ad500000)
 Metaspace       used 71911K, capacity 73856K, committed 73984K, reserved 1114112K
  class space    used 8954K, capacity 9348K, committed 9472K, reserved 1048576K
}
Event: 2894.244 GC heap before
{Heap before GC invocations=24 (full 6):
 PSYoungGen      total 283136K, used 266739K [0x00000000e0000000, 0x00000000f7400000, 0x0000000100000000)
  eden space 201728K, 100% used [0x00000000e0000000,0x00000000ec500000,0x00000000ec500000)
  from space 81408K, 79% used [0x00000000ecc80000,0x00000000f0bfcfc0,0x00000000f1c00000)
  to   space 89600K, 0% used [0x00000000f1c80000,0x00000000f1c80000,0x00000000f7400000)
 ParOldGen       total 218112K, used 149093K [0x00000000a0000000, 0x00000000ad500000, 0x00000000e0000000)
  object space 218112K, 68% used [0x00000000a0000000,0x00000000a9199648,0x00000000ad500000)
 Metaspace       used 75827K, capacity 77846K, committed 77952K, reserved 1118208K
  class space    used 9440K, capacity 9841K, committed 9856K, reserved 1048576K

Deoptimization events (10 events):
Event: 2893.210 Thread 0x00007f823001e000 Uncommon trap: reason=unstable_if action=reinterpret pc=0x00007f8274c00158 method=java.util.BitSet.clone()Ljava/lang/Object; @ 4
Event: 2893.455 Thread 0x00007f823001e000 Uncommon trap: reason=bimorphic action=maybe_recompile pc=0x00007f82764705cc method=com.sun.tools.javac.comp.Check.checkType(Lcom/sun/tools/javac/util/JCDiagnostic$DiagnosticPosition;Lcom/sun/tools/javac/code/Type;Lcom/sun/tools/javac/code/Type;Lcom/sun/t
Event: 2894.086 Thread 0x00007f81f4012000 Uncommon trap: reason=bimorphic action=maybe_recompile pc=0x00007f82771b403c method=com.android.dx.rop.code.InsnList.contentEquals(Lcom/android/dx/rop/code/InsnList;)Z @ 38
Event: 2894.086 Thread 0x00007f81f4012000 Uncommon trap: reason=bimorphic action=maybe_recompile pc=0x00007f82771b403c method=com.android.dx.rop.code.InsnList.contentEquals(Lcom/android/dx/rop/code/InsnList;)Z @ 38
Event: 2894.086 Thread 0x00007f81f4012000 Uncommon trap: reason=bimorphic action=maybe_recompile pc=0x00007f82771b403c method=com.android.dx.rop.code.InsnList.contentEquals(Lcom/android/dx/rop/code/InsnList;)Z @ 38
Event: 2894.087 Thread 0x00007f81f4012000 Uncommon trap: reason=bimorphic action=maybe_recompile pc=0x00007f82771b403c method=com.android.dx.rop.code.InsnList.contentEquals(Lcom/android/dx/rop/code/InsnList;)Z @ 38
Event: 2894.212 Thread 0x00007f81f4013000 Uncommon trap: reason=bimorphic action=maybe_recompile pc=0x00007f8276382c44 method=com.android.dx.cf.code.BaseMachine.getLocalTarget(Z)Lcom/android/dx/rop/code/RegisterSpec; @ 70
Event: 2894.212 Thread 0x00007f81f4013000 Uncommon trap: reason=bimorphic action=maybe_recompile pc=0x00007f8276382c44 method=com.android.dx.cf.code.BaseMachine.getLocalTarget(Z)Lcom/android/dx/rop/code/RegisterSpec; @ 70
Event: 2894.212 Thread 0x00007f81f4013000 Uncommon trap: reason=bimorphic action=maybe_recompile pc=0x00007f8276382c44 method=com.android.dx.cf.code.BaseMachine.getLocalTarget(Z)Lcom/android/dx/rop/code/RegisterSpec; @ 70
Event: 2894.212 Thread 0x00007f81f4013000 Uncommon trap: reason=bimorphic action=maybe_recompile pc=0x00007f8276382c44 method=com.android.dx.cf.code.BaseMachine.getLocalTarget(Z)Lcom/android/dx/rop/code/RegisterSpec; @ 70

Internal exceptions (10 events):
Event: 2116.336 Thread 0x00007f8238015800 Exception <a 'java/lang/NoSuchMethodError': <clinit>> (0x00000000e1d89b28) thrown at [/ssd/Android/AOSP-openjdk/external/jetbrains/jdk/hotspot/src/share/vm/prims/jni.cpp, line 1591]
Event: 2116.337 Thread 0x00007f8238015800 Exception <a 'java/lang/NoSuchMethodError': <clinit>> (0x00000000e1d92ad0) thrown at [/ssd/Android/AOSP-openjdk/external/jetbrains/jdk/hotspot/src/share/vm/prims/jni.cpp, line 1591]
Event: 2642.304 Thread 0x00007f821c2d0000 Implicit null exception at 0x00007f8276dfb214 to 0x00007f8276dfbdc9
Event: 2642.304 Thread 0x00007f821c2d0000 Exception <a 'sun/nio/fs/UnixException'> (0x00000000e1b66dd0) thrown at [/ssd/Android/AOSP-openjdk/external/jetbrains/jdk/hotspot/src/share/vm/prims/jni.cpp, line 709]
Event: 2711.836 Thread 0x00007f821c2d0000 Exception <a 'sun/nio/fs/UnixException'> (0x00000000e1b68418) thrown at [/ssd/Android/AOSP-openjdk/external/jetbrains/jdk/hotspot/src/share/vm/prims/jni.cpp, line 709]
Event: 2888.098 Thread 0x00007f823001e000 Exception <a 'java/lang/ClassNotFoundException': asLocalRepo727_44pxoqjfbebndcd93lv48c7fnBeanInfo> (0x00000000e2582c50) thrown at [/ssd/Android/AOSP-openjdk/external/jetbrains/jdk/hotspot/src/share/vm/classfile/systemDictionary.cpp, line 210]
Event: 2888.098 Thread 0x00007f823001e000 Exception <a 'java/lang/ClassNotFoundException': asLocalRepo727_44pxoqjfbebndcd93lv48c7fnCustomizer> (0x00000000e258c930) thrown at [/ssd/Android/AOSP-openjdk/external/jetbrains/jdk/hotspot/src/share/vm/classfile/systemDictionary.cpp, line 210]
Event: 2889.498 Thread 0x00007f823001e000 Exception <a 'sun/nio/fs/UnixException'> (0x00000000e68d4128) thrown at [/ssd/Android/AOSP-openjdk/external/jetbrains/jdk/hotspot/src/share/vm/prims/jni.cpp, line 709]
Event: 2892.679 Thread 0x00007f823001e000 Exception <a 'java/lang/NoSuchMethodError': <clinit>> (0x00000000ec143ac8) thrown at [/ssd/Android/AOSP-openjdk/external/jetbrains/jdk/hotspot/src/share/vm/prims/jni.cpp, line 1591]
Event: 2892.943 Thread 0x00007f823001e000 Exception <a 'java/lang/ClassNotFoundException': com/sun/org/glassfish/hk2/osgiresourcelocator/ServiceLoader> (0x00000000e32007d0) thrown at [/ssd/Android/AOSP-openjdk/external/jetbrains/jdk/hotspot/src/share/vm/classfile/systemDictionary.cpp, line 210]

Events (10 events):
Event: 2894.237 Thread 0x00007f81f4018000 DEOPT UNPACKING pc=0x00007f8274a14373 sp=0x00007f8218169d88 mode 0
Event: 2894.238 Thread 0x00007f81f4018000 DEOPT PACKING pc=0x00007f827548a7c3 sp=0x00007f821816a010
Event: 2894.238 Thread 0x00007f81f4018000 DEOPT UNPACKING pc=0x00007f8274a14373 sp=0x00007f8218169d88 mode 0
Event: 2894.238 Thread 0x00007f81f4018000 DEOPT PACKING pc=0x00007f8275928daa sp=0x00007f821816a210
Event: 2894.238 Thread 0x00007f81f4018000 DEOPT UNPACKING pc=0x00007f8274a14373 sp=0x00007f8218169f78 mode 0
Event: 2894.239 Thread 0x00007f81f4018000 DEOPT PACKING pc=0x00007f827548a7c3 sp=0x00007f821816a010
Event: 2894.239 Thread 0x00007f81f4018000 DEOPT UNPACKING pc=0x00007f8274a14373 sp=0x00007f8218169d88 mode 0
Event: 2894.242 Thread 0x00007f81f4018000 DEOPT PACKING pc=0x00007f827578dd8a sp=0x00007f821816a030
Event: 2894.242 Thread 0x00007f81f4018000 DEOPT UNPACKING pc=0x00007f8274a14373 sp=0x00007f8218169de0 mode 0
Event: 2894.244 Executing VM operation: ParallelGCFailedAllocation


Dynamic libraries:
00400000-00401000 r-xp 00000000 08:12 11014441                           /home/space/Documents/android-studio/jre/bin/java
00600000-00601000 r--p 00000000 08:12 11014441                           /home/space/Documents/android-studio/jre/bin/java
00601000-00602000 rw-p 00001000 08:12 11014441                           /home/space/Documents/android-studio/jre/bin/java
01222000-01243000 rw-p 00000000 00:00 0                                  [heap]
a0000000-ad500000 rw-p 00000000 00:00 0 
ad500000-e0000000 ---p 00000000 00:00 0 
e0000000-f7400000 rw-p 00000000 00:00 0 
ffc80000-100000000 ---p 00000000 00:00 0 
100000000-1009a0000 rw-p 00000000 00:00 0 
1009a0000-140000000 ---p 00000000 00:00 0 
7f81f0000000-7f81f0288000 rw-p 00000000 00:00 0 
7f81f0288000-7f81f4000000 ---p 00000000 00:00 0 
7f81f4000000-7f81f402c000 rw-p 00000000 00:00 0 
7f81f402c000-7f81f8000000 ---p 00000000 00:00 0 
7f81f8000000-7f81f8031000 rw-p 00000000 00:00 0 
7f81f8031000-7f81fc000000 ---p 00000000 00:00 0 
7f81fc000000-7f81fc021000 rw-p 00000000 00:00 0 
7f81fc021000-7f8200000000 ---p 00000000 00:00 0 
7f8200000000-7f8200057000 rw-p 00000000 00:00 0 
7f8200057000-7f8204000000 ---p 00000000 00:00 0 
7f8204000000-7f820407d000 rw-p 00000000 00:00 0 
7f820407d000-7f8208000000 ---p 00000000 00:00 0 
7f8208000000-7f8208021000 rw-p 00000000 00:00 0 
7f8208021000-7f820c000000 ---p 00000000 00:00 0 
7f820c000000-7f820c021000 rw-p 00000000 00:00 0 
7f820c021000-7f8210000000 ---p 00000000 00:00 0 
7f8210000000-7f821028d000 rw-p 00000000 00:00 0 
7f821028d000-7f8214000000 ---p 00000000 00:00 0 
7f8214000000-7f8214021000 rw-p 00000000 00:00 0 
7f8214021000-7f8218000000 ---p 00000000 00:00 0 
7f821806b000-7f821806e000 ---p 00000000 00:00 0 
7f821806e000-7f82181ec000 rw-p 00000000 00:00 0                          [stack:11367]
7f82181ec000-7f821836c000 ---p 00000000 00:00 0 
7f821836c000-7f821856c000 rw-p 00000000 00:00 0 
7f821856c000-7f821856f000 ---p 00000000 00:00 0 
7f821856f000-7f821886d000 rw-p 00000000 00:00 0                          [stack:11362]
7f821886d000-7f8218a6d000 rw-p 00000000 00:00 0 
7f8218a6d000-7f8218c6d000 rw-p 00000000 00:00 0 
7f8218c6d000-7f8218e6d000 rw-p 00000000 00:00 0 
7f8218e6d000-7f821906d000 rw-p 00000000 00:00 0 
7f821906d000-7f8219070000 ---p 00000000 00:00 0 
7f8219070000-7f821916e000 rw-p 00000000 00:00 0 
7f821916e000-7f8219171000 ---p 00000000 00:00 0 
7f8219171000-7f821926f000 rw-p 00000000 00:00 0 
7f821926f000-7f8219272000 ---p 00000000 00:00 0 
7f8219272000-7f8219370000 rw-p 00000000 00:00 0                          [stack:11364]
7f8219370000-7f8219373000 ---p 00000000 00:00 0 
7f8219373000-7f8219471000 rw-p 00000000 00:00 0                          [stack:11123]
7f8219471000-7f8219474000 ---p 00000000 00:00 0 
7f8219474000-7f8219572000 rw-p 00000000 00:00 0 
7f8219572000-7f8219575000 ---p 00000000 00:00 0 
7f8219575000-7f8219673000 rw-p 00000000 00:00 0                          [stack:10354]
7f8219673000-7f8219676000 ---p 00000000 00:00 0 
7f8219676000-7f8219974000 rw-p 00000000 00:00 0                          [stack:11361]
7f8219974000-7f8219b74000 rw-p 00000000 00:00 0 
7f8219b74000-7f8219d74000 rw-p 00000000 00:00 0 
7f8219e16000-7f821a017000 rw-p 00000000 00:00 0 
7f821a017000-7f821a217000 rw-p 00000000 00:00 0 
7f821a217000-7f821a417000 rw-p 00000000 00:00 0 
7f821a417000-7f821a617000 rw-p 00000000 00:00 0 
7f821a617000-7f821a817000 rw-p 00000000 00:00 0 
7f821a817000-7f821aa17000 rw-p 00000000 00:00 0 
7f821aa17000-7f821ac17000 rw-p 00000000 00:00 0 
7f821ac17000-7f821ac2a000 r--s 00344000 08:12 11014472                   /home/space/Documents/android-studio/jre/jre/lib/resources.jar
7f821ac2a000-7f821ae2a000 rw-p 00000000 00:00 0 
7f821ae2a000-7f821b02a000 rw-p 00000000 00:00 0 
7f821b02a000-7f821b22a000 rw-p 00000000 00:00 0 
7f821b22a000-7f821b42a000 rw-p 00000000 00:00 0 
7f821b42a000-7f821b42d000 ---p 00000000 00:00 0 
7f821b42d000-7f821b72b000 rw-p 00000000 00:00 0                          [stack:10346]
7f821b72b000-7f821b756000 r--s 001fc000 08:12 1717328                    /home/space/Documents/android-studio/gradle/m2repository/com/google/guava/guava/18.0/guava-18.0.jar
7f821b756000-7f821b757000 r--s 00001000 08:12 3278147                    /home/space/Documents/android-studio/gradle/m2repository/com/android/tools/annotations/25.2.3/annotations-25.2.3.jar
7f821b757000-7f821b76a000 r--s 000b2000 08:12 3806154                    /home/space/Documents/android-studio/gradle/m2repository/com/android/tools/external/com-intellij/uast/145.597.4/uast-145.597.4.jar
7f821b76a000-7f821b772000 r--s 000a8000 08:12 787025                     /home/space/Documents/android-studio/gradle/m2repository/com/android/tools/external/lombok/lombok-ast/0.2.3/lombok-ast-0.2.3.jar
7f821b772000-7f821b774000 r--s 0000d000 08:12 787165                     /home/space/Documents/android-studio/gradle/m2repository/commons-codec/commons-codec/1.4/commons-codec-1.4.jar
7f821b774000-7f821b776000 r--s 0000d000 08:12 11143137                   /home/space/Documents/android-studio/gradle/m2repository/commons-logging/commons-logging/1.1.1/commons-logging-1.1.1.jar
7f821b776000-7f821b77b000 r--s 00028000 08:12 526349                     /home/space/Documents/android-studio/gradle/m2repository/org/apache/httpcomponents/httpcore/4.1/httpcore-4.1.jar
7f821b77b000-7f821b77f000 r--s 0002f000 08:12 3020971                    /home/space/Documents/android-studio/gradle/m2repository/com/google/jimfs/jimfs/1.1/jimfs-1.1.jar
7f821b77f000-7f821b780000 r--s 00004000 08:12 786753                     /home/space/Documents/android-studio/gradle/m2repository/com/intellij/annotations/12.0/annotations-12.0.jar
7f821b780000-7f821b781000 r--s 00004000 08:12 11536290                   /home/space/Documents/android-studio/gradle/m2repository/org/ow2/asm/asm-analysis/5.0.4/asm-analysis-5.0.4.jar
7f821b781000-7f821b785000 r--s 0003b000 08:12 3937120                    /home/space/Documents/android-studio/gradle/m2repository/com/android/tools/lint/lint-api/25.2.3/lint-api-25.2.3.jar
7f821b785000-7f821b786000 r--s 0000a000 08:12 787127                     /home/space/Documents/android-studio/gradle/m2repository/net/sf/kxml/kxml2/2.3.0/kxml2-2.3.0.jar
7f821b786000-7f821b788000 r--s 00005000 08:12 395504                     /home/space/Documents/android-studio/gradle/m2repository/org/apache/httpcomponents/httpmime/4.1/httpmime-4.1.jar
7f821b788000-7f821b790000 r--s 0004e000 08:12 526360                     /home/space/Documents/android-studio/gradle/m2repository/org/apache/httpcomponents/httpclient/4.1.1/httpclient-4.1.1.jar
7f821b790000-7f821b797000 r--s 00053000 08:12 786700                     /home/space/Documents/android-studio/gradle/m2repository/org/apache/commons/commons-compress/1.8.1/commons-compress-1.8.1.jar
7f821b797000-7f821b79c000 r--s 0002a000 08:12 786786                     /home/space/Documents/android-studio/gradle/m2repository/com/google/code/gson/gson/2.2.4/gson-2.2.4.jar
7f821b79c000-7f821b7a1000 r--s 0002d000 08:12 3806161                    /home/space/Documents/android-studio/gradle/m2repository/com/android/tools/repository/25.2.3/repository-25.2.3.jar
7f821b7a1000-7f821b7a6000 r--s 00058000 08:12 11405477                   /home/space/Documents/android-studio/gradle/m2repository/org/ow2/asm/asm-debug-all/5.0.1/asm-debug-all-5.0.1.jar
7f821b7a6000-7f821b7b6000 r--s 000d6000 08:12 787139                     /home/space/Documents/android-studio/gradle/m2repository/net/sf/proguard/proguard-base/5.2.1/proguard-base-5.2.1.jar
7f821b7b6000-7f821b7cd000 r--s 00154000 08:12 11930264                   /home/space/Documents/android-studio/gradle/m2repository/org/antlr/antlr4/4.5.3/antlr4-4.5.3.jar
7f821b7cd000-7f821b800000 r--s 00203000 08:12 264214                     /home/space/Documents/android-studio/gradle/m2repository/org/bouncycastle/bcprov-jdk15on/1.48/bcprov-jdk15on-1.48.jar
7f821b800000-7f821ba00000 rw-p 00000000 00:00 0 
7f821ba00000-7f821bc00000 rw-p 00000000 00:00 0 
7f821bc00000-7f821be00000 rw-p 00000000 00:00 0 
7f821be00000-7f821c000000 rw-p 00000000 00:00 0 
7f821c000000-7f821d6d7000 rw-p 00000000 00:00 0 
7f821d6d7000-7f8220000000 ---p 00000000 00:00 0 
7f8220000000-7f8220021000 rw-p 00000000 00:00 0 
7f8220021000-7f8224000000 ---p 00000000 00:00 0 
7f8224000000-7f822420d000 rw-p 00000000 00:00 0 
7f822420d000-7f8228000000 ---p 00000000 00:00 0 
7f8228000000-7f8228021000 rw-p 00000000 00:00 0 
7f8228021000-7f822c000000 ---p 00000000 00:00 0 
7f822c000000-7f822c021000 rw-p 00000000 00:00 0 
7f822c021000-7f8230000000 ---p 00000000 00:00 0 
7f8230000000-7f82300a9000 rw-p 00000000 00:00 0 
7f82300a9000-7f8234000000 ---p 00000000 00:00 0 
7f8234000000-7f8234021000 rw-p 00000000 00:00 0 
7f8234021000-7f8238000000 ---p 00000000 00:00 0 
7f8238000000-7f8238070000 rw-p 00000000 00:00 0 
7f8238070000-7f823c000000 ---p 00000000 00:00 0 
7f823c000000-7f823ce30000 rw-p 00000000 00:00 0 
7f823ce30000-7f8240000000 ---p 00000000 00:00 0 
7f8240000000-7f8240021000 rw-p 00000000 00:00 0 
7f8240021000-7f8244000000 ---p 00000000 00:00 0 
7f8244000000-7f82469c7000 rw-p 00000000 00:00 0 
7f82469c7000-7f8248000000 ---p 00000000 00:00 0 
7f8248000000-7f824a0af000 rw-p 00000000 00:00 0 
7f824a0af000-7f824c000000 ---p 00000000 00:00 0 
7f824c000000-7f824c021000 rw-p 00000000 00:00 0 
7f824c021000-7f8250000000 ---p 00000000 00:00 0 
7f8250000000-7f8250021000 rw-p 00000000 00:00 0 
7f8250021000-7f8254000000 ---p 00000000 00:00 0 
7f8254000000-7f825427d000 rw-p 00000000 00:00 0 
7f825427d000-7f8258000000 ---p 00000000 00:00 0 
7f8258000000-7f8258021000 rw-p 00000000 00:00 0 
7f8258021000-7f825c000000 ---p 00000000 00:00 0 
7f825c000000-7f825c027000 rw-p 00000000 00:00 0 
7f825c027000-7f8260000000 ---p 00000000 00:00 0 
7f8260000000-7f8260023000 rw-p 00000000 00:00 0 
7f8260023000-7f8264000000 ---p 00000000 00:00 0 
7f8264000000-7f826402d000 rw-p 00000000 00:00 0 
7f826402d000-7f8268000000 ---p 00000000 00:00 0 
7f8268000000-7f8268001000 r--s 00005000 08:12 3672546                    /home/space/Documents/android-studio/gradle/m2repository/com/android/tools/dvlib/25.2.3/dvlib-25.2.3.jar
7f8268001000-7f8268004000 r--s 00014000 08:12 3544779                    /home/space/Documents/android-studio/gradle/m2repository/com/android/tools/layoutlib/layoutlib-api/25.2.3/layoutlib-api-25.2.3.jar
7f8268004000-7f8268007000 r--s 00033000 08:12 786760                     /home/space/Documents/android-studio/gradle/m2repository/com/googlecode/juniversalchardet/juniversalchardet/1.0.3/juniversalchardet-1.0.3.jar
7f8268007000-7f826800b000 r--s 0002a000 08:12 11143130                   /home/space/Documents/android-studio/gradle/m2repository/commons-io/commons-io/2.4/commons-io-2.4.jar
7f826800b000-7f826800c000 r--s 00002000 08:12 3149598                    /home/space/Documents/android-studio/gradle/m2repository/com/android/databinding/baseLibrary/2.2.3/baseLibrary-2.2.3.jar
7f826800c000-7f826801f000 r--s 00236000 08:12 11667932                   /home/space/Documents/android-studio/gradle/m2repository/org/eclipse/jdt/core/compiler/ecj/4.5.1/ecj-4.5.1.jar
7f826801f000-7f8268026000 r--s 000c3000 08:12 3174303                    /home/space/Documents/android-studio/gradle/m2repository/com/android/tools/lint/lint-checks/25.2.3/lint-checks-25.2.3.jar
7f8268026000-7f8268028000 r--s 00006000 08:12 11536293                   /home/space/Documents/android-studio/gradle/m2repository/org/ow2/asm/asm-tree/5.0.4/asm-tree-5.0.4.jar
7f8268028000-7f8268036000 r--s 00081000 08:12 264219                     /home/space/Documents/android-studio/gradle/m2repository/org/bouncycastle/bcpkix-jdk15on/1.48/bcpkix-jdk15on-1.48.jar
7f8268036000-7f8268038000 r--s 00002000 08:12 786768                     /home/space/Documents/android-studio/gradle/m2repository/com/squareup/javawriter/2.5.0/javawriter-2.5.0.jar
7f8268038000-7f8268039000 r--s 00002000 08:12 3806169                    /home/space/Documents/android-studio/gradle/m2repository/com/android/tools/analytics-library/tracker/25.2.3/tracker-25.2.3.jar
7f8268039000-7f826803b000 r--s 00003000 08:12 3937103                    /home/space/Documents/android-studio/gradle/m2repository/com/android/tools/analytics-library/shared/25.2.3/shared-25.2.3.jar
7f826803b000-7f8268048000 r--s 000ed000 08:12 3937096                    /home/space/Documents/android-studio/gradle/m2repository/com/android/tools/analytics-library/protos/25.2.3/protos-25.2.3.jar
7f8268048000-7f8268049000 r--s 00001000 08:12 786827                     /home/space/Documents/android-studio/gradle/m2repository/com/android/tools/jill/jill-api/0.10.0/jill-api-0.10.0.jar
7f8268049000-7f826804b000 r--s 00003000 08:12 4074288                    /home/space/Documents/android-studio/gradle/m2repository/com/android/tools/jack/jack-api/0.11.0/jack-api-0.11.0.jar
7f826804b000-7f8268050000 r--s 0004a000 08:12 3672520                    /home/space/Documents/android-studio/gradle/m2repository/com/android/tools/ddms/ddmlib/25.2.3/ddmlib-25.2.3.jar
7f8268050000-7f8268053000 r--s 00021000 08:12 3418435                    /home/space/Documents/android-studio/gradle/m2repository/com/android/tools/build/manifest-merger/25.2.3/manifest-merger-25.2.3.jar
7f8268053000-7f8268055000 r--s 0001c000 08:12 4074298                    /home/space/Documents/android-studio/gradle/m2repository/com/android/tools/common/25.2.3/common-25.2.3.jar
7f8268055000-7f826805d000 r--s 00084000 08:12 3544794                    /home/space/Documents/android-studio/gradle/m2repository/com/android/tools/sdk-common/25.2.3/sdk-common-25.2.3.jar
7f826805d000-7f8268068000 r--s 0008e000 08:12 4074281                    /home/space/Documents/android-studio/gradle/m2repository/com/android/tools/sdklib/25.2.3/sdklib-25.2.3.jar
7f8268068000-7f8268069000 r--s 00002000 08:12 3278174                    /home/space/Documents/android-studio/gradle/m2repository/com/android/tools/build/builder-test-api/2.2.3/builder-test-api-2.2.3.jar
7f8268069000-7f826806c000 r--s 00005000 08:12 3419682                    /home/space/Documents/android-studio/gradle/m2repository/com/android/tools/build/builder-model/2.2.3/builder-model-2.2.3.jar
7f826806c000-7f8268074000 r--s 0007b000 08:12 3020916                    /home/space/Documents/android-studio/gradle/m2repository/com/google/protobuf/protobuf-java/2.5.0/protobuf-java-2.5.0.jar
7f8268074000-7f8268076000 r--s 0000f000 08:12 4074306                    /home/space/Documents/android-studio/gradle/m2repository/net/sf/jopt-simple/jopt-simple/4.9/jopt-simple-4.9.jar
7f8268076000-7f826807a000 r--s 0001f000 08:12 1717323                    /home/space/Documents/android-studio/gradle/m2repository/org/jacoco/org.jacoco.report/0.7.5.201505241946/org.jacoco.report-0.7.5.201505241946.jar
7f826807a000-7f826807e000 r--s 0001d000 08:12 1717313                    /home/space/Documents/android-studio/gradle/m2repository/org/jacoco/org.jacoco.core/0.7.5.201505241946/org.jacoco.core-0.7.5.201505241946.jar
7f826807e000-7f826807f000 r--s 00002000 08:12 787155                     /home/space/Documents/android-studio/gradle/m2repository/net/sf/proguard/proguard-gradle/5.2.1/proguard-gradle-5.2.1.jar
7f826807f000-7f8268081000 r--s 00009000 08:12 11536296                   /home/space/Documents/android-studio/gradle/m2repository/org/ow2/asm/asm-commons/5.0.4/asm-commons-5.0.4.jar
7f8268081000-7f8268083000 r--s 0000c000 08:12 11667929                   /home/space/Documents/android-studio/gradle/m2repository/org/ow2/asm/asm/5.0.4/asm-5.0.4.jar
7f8268083000-7f8268087000 r--s 0002b000 08:12 3174285                    /home/space/Documents/android-studio/gradle/m2repository/com/android/databinding/compilerCommon/2.2.3/compilerCommon-2.2.3.jar
7f8268087000-7f8268088000 r--s 00002000 08:12 3418420                    /home/space/Documents/android-studio/gradle/m2repository/com/android/tools/build/gradle-api/2.2.3/gradle-api-2.2.3.jar
7f8268088000-7f8268089000 r--s 00000000 08:12 786815                     /home/space/Documents/android-studio/gradle/m2repository/com/android/tools/build/transform-api/2.0.0-deprecated-use-gradle-api/transform-api-2.0.0-deprecated-use-gradle-api.jar
7f8268089000-7f826808e000 r--s 00053000 08:12 3672551                    /home/space/Documents/android-studio/gradle/m2repository/com/android/tools/lint/lint/25.2.3/lint-25.2.3.jar
7f826808e000-7f82680a5000 r--s 0015e000 08:12 3278165                    /home/space/Documents/android-studio/gradle/m2repository/com/android/tools/build/builder/2.2.3/builder-2.2.3.jar
7f82680a5000-7f82680c2000 r--s 0019d000 08:12 3418466                    /home/space/Documents/android-studio/gradle/m2repository/com/android/tools/build/gradle-core/2.2.3/gradle-core-2.2.3.jar
7f82680c2000-7f82680c4000 r--s 0000d000 08:12 3544761                    /home/space/Documents/android-studio/gradle/m2repository/com/android/tools/build/gradle/2.2.3/gradle-2.2.3.jar
7f82680c4000-7f82680c7000 ---p 00000000 00:00 0 
7f82680c7000-7f82681c5000 rw-p 00000000 00:00 0                          [stack:10345]
7f82681c5000-7f82681c8000 ---p 00000000 00:00 0 
7f82681c8000-7f82681fe000 rw-p 00000000 00:00 0 
7f82681fe000-7f82681ff000 r--p 00000000 00:00 0 
7f82681ff000-7f82683ff000 rw-p 00000000 00:00 0 
7f82683ff000-7f82685ff000 rw-p 00000000 00:00 0 
7f82685ff000-7f82687ff000 rw-p 00000000 00:00 0 
7f82687ff000-7f8268877000 r--s 010eb000 08:12 11013473                   /home/space/Documents/android-studio/jre/lib/tools.jar
7f8268877000-7f826887a000 ---p 00000000 00:00 0 
7f826887a000-7f8268978000 rw-p 00000000 00:00 0                          [stack:11359]
7f8268978000-7f826897b000 ---p 00000000 00:00 0 
7f826897b000-7f8268a79000 rw-p 00000000 00:00 0                          [stack:11357]
7f8268a79000-7f8268a7c000 ---p 00000000 00:00 0 
7f8268a7c000-7f8268b7a000 rw-p 00000000 00:00 0                          [stack:11355]
7f8268b7a000-7f8268b7d000 ---p 00000000 00:00 0 
7f8268b7d000-7f8268c7b000 rw-p 00000000 00:00 0                          [stack:11354]
7f8268c7b000-7f8268c7e000 ---p 00000000 00:00 0 
7f8268c7e000-7f8268d7c000 rw-p 00000000 00:00 0                          [stack:11353]
7f8268d7c000-7f8268d7f000 ---p 00000000 00:00 0 
7f8268d7f000-7f8268e7d000 rw-p 00000000 00:00 0                          [stack:11352]
7f8268e7d000-7f8268e80000 ---p 00000000 00:00 0 
7f8268e80000-7f826917e000 rw-p 00000000 00:00 0                          [stack:10334]
7f826917e000-7f8269185000 r--s 00000000 08:13 5677312                    /usr/lib/x86_64-linux-gnu/gconv/gconv-modules.cache
7f8269185000-7f8269188000 ---p 00000000 00:00 0 
7f8269188000-7f8269286000 rw-p 00000000 00:00 0                          [stack:10333]
7f8269286000-7f826928f000 r-xp 00000000 08:12 11168492                   /home/space/Documents/android-studio/jre/jre/lib/amd64/libmanagement.so
7f826928f000-7f826948e000 ---p 00009000 08:12 11168492                   /home/space/Documents/android-studio/jre/jre/lib/amd64/libmanagement.so
7f826948e000-7f826948f000 r--p 00008000 08:12 11168492                   /home/space/Documents/android-studio/jre/jre/lib/amd64/libmanagement.so
7f826948f000-7f8269490000 rw-p 00009000 08:12 11168492                   /home/space/Documents/android-studio/jre/jre/lib/amd64/libmanagement.so
7f8269490000-7f8269494000 r--s 00097000 08:12 11014587                   /home/space/Documents/android-studio/jre/jre/lib/jsse.jar
7f8269494000-7f8269496000 r--s 00007000 08:13 139143                     /root/.gradle/wrapper/dists/gradle-2.14.1-all/8bnwg5hd3w55iofp58khbp6yv/gradle-2.14.1/lib/plugins/gradle-tooling-api-builders-2.14.1.jar
7f8269496000-7f8269499000 r--s 00008000 08:13 139136                     /root/.gradle/wrapper/dists/gradle-2.14.1-all/8bnwg5hd3w55iofp58khbp6yv/gradle-2.14.1/lib/plugins/gradle-testing-native-2.14.1.jar
7f8269499000-7f826949b000 r--s 00009000 08:13 139215                     /root/.gradle/wrapper/dists/gradle-2.14.1-all/8bnwg5hd3w55iofp58khbp6yv/gradle-2.14.1/lib/plugins/hamcrest-core-1.3.jar
7f826949b000-7f82694a1000 r--s 00033000 08:13 139209                     /root/.gradle/wrapper/dists/gradle-2.14.1-all/8bnwg5hd3w55iofp58khbp6yv/gradle-2.14.1/lib/plugins/snakeyaml-1.6.jar
7f82694a1000-7f82694a3000 r--s 00006000 08:13 139208                     /root/.gradle/wrapper/dists/gradle-2.14.1-all/8bnwg5hd3w55iofp58khbp6yv/gradle-2.14.1/lib/plugins/jcommander-1.12.jar
7f82694a3000-7f82694a8000 r--s 00040000 08:13 139207                     /root/.gradle/wrapper/dists/gradle-2.14.1-all/8bnwg5hd3w55iofp58khbp6yv/gradle-2.14.1/lib/plugins/bsh-2.0b4.jar
7f82694a8000-7f82694b1000 r--s 00089000 08:13 139166                     /root/.gradle/wrapper/dists/gradle-2.14.1-all/8bnwg5hd3w55iofp58khbp6yv/gradle-2.14.1/lib/plugins/testng-6.3.1.jar
7f82694b1000-7f82694b9000 r--s 00045000 08:13 139165                     /root/.gradle/wrapper/dists/gradle-2.14.1-all/8bnwg5hd3w55iofp58khbp6yv/gradle-2.14.1/lib/plugins/junit-4.12.jar
7f82694b9000-7f82694bf000 r--s 0002e000 08:13 139137                     /root/.gradle/wrapper/dists/gradle-2.14.1-all/8bnwg5hd3w55iofp58khbp6yv/gradle-2.14.1/lib/plugins/gradle-testing-jvm-2.14.1.jar
7f82694bf000-7f82694c4000 r--s 00015000 08:13 139135                     /root/.gradle/wrapper/dists/gradle-2.14.1-all/8bnwg5hd3w55iofp58khbp6yv/gradle-2.14.1/lib/plugins/gradle-testing-base-2.14.1.jar
7f82694c4000-7f82694c5000 r--s 00002000 08:13 139159                     /root/.gradle/wrapper/dists/gradle-2.14.1-all/8bnwg5hd3w55iofp58khbp6yv/gradle-2.14.1/lib/plugins/sonar-batch-bootstrapper-2.9.jar
7f82694c5000-7f82694c8000 r--s 00015000 08:13 139113                     /root/.gradle/wrapper/dists/gradle-2.14.1-all/8bnwg5hd3w55iofp58khbp6yv/gradle-2.14.1/lib/plugins/gradle-sonar-2.14.1.jar
7f82694c8000-7f82694cf000 r--s 00038000 08:13 139160                     /root/.gradle/wrapper/dists/gradle-2.14.1-all/8bnwg5hd3w55iofp58khbp6yv/gradle-2.14.1/lib/plugins/bcpg-jdk15on-1.51.jar
7f82694cf000-7f82694d1000 r--s 0000d000 08:13 139114                     /root/.gradle/wrapper/dists/gradle-2.14.1-all/8bnwg5hd3w55iofp58khbp6yv/gradle-2.14.1/lib/plugins/gradle-signing-2.14.1.jar
7f82694d1000-7f82694d4000 r--s 00009000 08:13 139112                     /root/.gradle/wrapper/dists/gradle-2.14.1-all/8bnwg5hd3w55iofp58khbp6yv/gradle-2.14.1/lib/plugins/gradle-scala-2.14.1.jar
7f82694d4000-7f82694d5000 r--s 00004000 08:13 139141                     /root/.gradle/wrapper/dists/gradle-2.14.1-all/8bnwg5hd3w55iofp58khbp6yv/gradle-2.14.1/lib/plugins/gradle-resources-sftp-2.14.1.jar
7f82694d5000-7f82694e5000 r--s 00088000 08:13 139176                     /root/.gradle/wrapper/dists/gradle-2.14.1-all/8bnwg5hd3w55iofp58khbp6yv/gradle-2.14.1/lib/plugins/joda-time-2.8.2.jar
7f82694e5000-7f82694f6000 r--s 000cf000 08:13 139175                     /root/.gradle/wrapper/dists/gradle-2.14.1-all/8bnwg5hd3w55iofp58khbp6yv/gradle-2.14.1/lib/plugins/jackson-databind-2.3.2.jar
7f82694f6000-7f82694f8000 r--s 00007000 08:13 139174                     /root/.gradle/wrapper/dists/gradle-2.14.1-all/8bnwg5hd3w55iofp58khbp6yv/gradle-2.14.1/lib/plugins/jackson-annotations-2.3.2.jar
7f82694f8000-7f82694fb000 r--s 0002e000 08:13 139173                     /root/.gradle/wrapper/dists/gradle-2.14.1-all/8bnwg5hd3w55iofp58khbp6yv/gradle-2.14.1/lib/plugins/jackson-core-2.3.2.jar
7f82694fb000-7f8269506000 r--s 0006b000 08:13 139172                     /root/.gradle/wrapper/dists/gradle-2.14.1-all/8bnwg5hd3w55iofp58khbp6yv/gradle-2.14.1/lib/plugins/aws-java-sdk-core-1.9.19.jar
7f8269506000-7f826950c000 r--s 00036000 08:13 139171                     /root/.gradle/wrapper/dists/gradle-2.14.1-all/8bnwg5hd3w55iofp58khbp6yv/gradle-2.14.1/lib/plugins/aws-java-sdk-kms-1.9.19.jar
7f826950c000-7f8269517000 r--s 00079000 08:13 139170                     /root/.gradle/wrapper/dists/gradle-2.14.1-all/8bnwg5hd3w55iofp58khbp6yv/gradle-2.14.1/lib/plugins/aws-java-sdk-s3-1.9.19.jar
7f8269517000-7f8269518000 r--s 00003000 08:13 139142                     /root/.gradle/wrapper/dists/gradle-2.14.1-all/8bnwg5hd3w55iofp58khbp6yv/gradle-2.14.1/lib/plugins/gradle-resources-s3-2.14.1.jar
7f8269518000-7f826951a000 r--s 00005000 08:13 139164                     /root/.gradle/wrapper/dists/gradle-2.14.1-all/8bnwg5hd3w55iofp58khbp6yv/gradle-2.14.1/lib/plugins/jatl-0.2.2.jar
7f826951a000-7f826951c000 r--s 0000f000 08:13 139119                     /root/.gradle/wrapper/dists/gradle-2.14.1-all/8bnwg5hd3w55iofp58khbp6yv/gradle-2.14.1/lib/plugins/gradle-reporting-2.14.1.jar
7f826951c000-7f826951e000 r--s 00002000 08:13 139120                     /root/.gradle/wrapper/dists/gradle-2.14.1-all/8bnwg5hd3w55iofp58khbp6yv/gradle-2.14.1/lib/plugins/gradle-publish-2.14.1.jar
7f826951e000-7f8269520000 r--s 00009000 08:13 139146                     /root/.gradle/wrapper/dists/gradle-2.14.1-all/8bnwg5hd3w55iofp58khbp6yv/gradle-2.14.1/lib/plugins/commons-cli-1.2.jar
7f8269520000-7f8269526000 r--s 00033000 08:13 139104                     /root/.gradle/wrapper/dists/gradle-2.14.1-all/8bnwg5hd3w55iofp58khbp6yv/gradle-2.14.1/lib/plugins/gradle-plugins-2.14.1.jar
7f8269526000-7f8269528000 r--s 00007000 08:13 139138                     /root/.gradle/wrapper/dists/gradle-2.14.1-all/8bnwg5hd3w55iofp58khbp6yv/gradle-2.14.1/lib/plugins/gradle-plugin-development-2.14.1.jar
7f8269528000-7f826952e000 r--s 0002a000 08:13 139131                     /root/.gradle/wrapper/dists/gradle-2.14.1-all/8bnwg5hd3w55iofp58khbp6yv/gradle-2.14.1/lib/plugins/gradle-platform-play-2.14.1.jar
7f826952e000-7f826953b000 r--s 0004d000 08:13 139130                     /root/.gradle/wrapper/dists/gradle-2.14.1-all/8bnwg5hd3w55iofp58khbp6yv/gradle-2.14.1/lib/plugins/gradle-platform-native-2.14.1.jar
7f826953b000-7f826953f000 r--s 0001a000 08:13 139125                     /root/.gradle/wrapper/dists/gradle-2.14.1-all/8bnwg5hd3w55iofp58khbp6yv/gradle-2.14.1/lib/plugins/gradle-platform-jvm-2.14.1.jar
7f826953f000-7f8269546000 r--s 00029000 08:13 139124                     /root/.gradle/wrapper/dists/gradle-2.14.1-all/8bnwg5hd3w55iofp58khbp6yv/gradle-2.14.1/lib/plugins/gradle-platform-base-2.14.1.jar
7f8269546000-7f8269567000 r--s 001c3000 08:13 139154                     /root/.gradle/wrapper/dists/gradle-2.14.1-all/8bnwg5hd3w55iofp58khbp6yv/gradle-2.14.1/lib/plugins/bndlib-2.4.0.jar
7f8269567000-7f8269569000 r--s 00003000 08:13 139108                     /root/.gradle/wrapper/dists/gradle-2.14.1-all/8bnwg5hd3w55iofp58khbp6yv/gradle-2.14.1/lib/plugins/gradle-osgi-2.14.1.jar
7f8269569000-7f826956c000 r--s 0000c000 08:13 139157                     /root/.gradle/wrapper/dists/gradle-2.14.1-all/8bnwg5hd3w55iofp58khbp6yv/gradle-2.14.1/lib/plugins/pmaven-groovy-0.8-20100325.jar
7f826956c000-7f826956d000 r--s 00004000 08:13 139156                     /root/.gradle/wrapper/dists/gradle-2.14.1-all/8bnwg5hd3w55iofp58khbp6yv/gradle-2.14.1/lib/plugins/pmaven-common-0.8-20100325.jar
7f826956d000-7f8269573000 r--s 00022000 08:13 139109                     /root/.gradle/wrapper/dists/gradle-2.14.1-all/8bnwg5hd3w55iofp58khbp6yv/gradle-2.14.1/lib/plugins/gradle-maven-2.14.1.jar
7f8269573000-7f8269575000 r--s 0000a000 08:13 139129                     /root/.gradle/wrapper/dists/gradle-2.14.1-all/8bnwg5hd3w55iofp58khbp6yv/gradle-2.14.1/lib/plugins/gradle-language-scala-2.14.1.jar
7f8269575000-7f826957b000 r--s 0001a000 08:13 139133                     /root/.gradle/wrapper/dists/gradle-2.14.1-all/8bnwg5hd3w55iofp58khbp6yv/gradle-2.14.1/lib/plugins/gradle-language-native-2.14.1.jar
7f826957b000-7f826957d000 r--s 00008000 08:13 139126                     /root/.gradle/wrapper/dists/gradle-2.14.1-all/8bnwg5hd3w55iofp58khbp6yv/gradle-2.14.1/lib/plugins/gradle-language-jvm-2.14.1.jar
7f826957d000-7f8269583000 r--s 00024000 08:13 139127                     /root/.gradle/wrapper/dists/gradle-2.14.1-all/8bnwg5hd3w55iofp58khbp6yv/gradle-2.14.1/lib/plugins/gradle-language-java-2.14.1.jar
7f8269583000-7f8269585000 r--s 0000a000 08:13 139128                     /root/.gradle/wrapper/dists/gradle-2.14.1-all/8bnwg5hd3w55iofp58khbp6yv/gradle-2.14.1/lib/plugins/gradle-language-groovy-2.14.1.jar
7f8269585000-7f8269588000 r--s 0001e000 08:13 139182                     /root/.gradle/wrapper/dists/gradle-2.14.1-all/8bnwg5hd3w55iofp58khbp6yv/gradle-2.14.1/lib/plugins/jsp-api-2.1-6.1.14.jar
7f8269588000-7f82695ab000 r--s 00344000 08:13 139181                     /root/.gradle/wrapper/dists/gradle-2.14.1-all/8bnwg5hd3w55iofp58khbp6yv/gradle-2.14.1/lib/plugins/core-3.1.1.jar
7f82695ab000-7f82695ac000 r--s 00006000 08:13 139180                     /root/.gradle/wrapper/dists/gradle-2.14.1-all/8bnwg5hd3w55iofp58khbp6yv/gradle-2.14.1/lib/plugins/jetty-naming-6.1.25.jar
7f82695ac000-7f82695ad000 r--s 00002000 08:13 139153                     /root/.gradle/wrapper/dists/gradle-2.14.1-all/8bnwg5hd3w55iofp58khbp6yv/gradle-2.14.1/lib/plugins/geronimo-annotation_1.0_spec-1.0.jar
7f82695ad000-7f82695af000 r--s 00002000 08:13 139152                     /root/.gradle/wrapper/dists/gradle-2.14.1-all/8bnwg5hd3w55iofp58khbp6yv/gradle-2.14.1/lib/plugins/jetty-annotations-6.1.25.jar
7f82695af000-7f82695c0000 r--s 000ea000 08:13 139151                     /root/.gradle/wrapper/dists/gradle-2.14.1-all/8bnwg5hd3w55iofp58khbp6yv/gradle-2.14.1/lib/plugins/jsp-2.1-6.1.14.jar
7f82695c0000-7f82695c2000 r--s 0000d000 08:13 139150                     /root/.gradle/wrapper/dists/gradle-2.14.1-all/8bnwg5hd3w55iofp58khbp6yv/gradle-2.14.1/lib/plugins/jetty-plus-6.1.25.jar
7f82695c2000-7f82695c4000 r--s 0001f000 08:13 139149                     /root/.gradle/wrapper/dists/gradle-2.14.1-all/8bnwg5hd3w55iofp58khbp6yv/gradle-2.14.1/lib/plugins/servlet-api-2.5-20081211.jar
7f82695c4000-7f82695c8000 r--s 00028000 08:13 139148                     /root/.gradle/wrapper/dists/gradle-2.14.1-all/8bnwg5hd3w55iofp58khbp6yv/gradle-2.14.1/lib/plugins/jetty-util-6.1.25.jar
7f82695c8000-7f82695cf000 r--s 0007d000 08:13 139147                     /root/.gradle/wrapper/dists/gradle-2.14.1-all/8bnwg5hd3w55iofp58khbp6yv/gradle-2.14.1/lib/plugins/jetty-6.1.25.jar
7f82695cf000-7f82695d1000 r--s 00009000 08:13 139106                     /root/.gradle/wrapper/dists/gradle-2.14.1-all/8bnwg5hd3w55iofp58khbp6yv/gradle-2.14.1/lib/plugins/gradle-jetty-2.14.1.jar
7f82695d1000-7f82695d8000 r--s 00035000 08:13 139163                     /root/.gradle/wrapper/dists/gradle-2.14.1-all/8bnwg5hd3w55iofp58khbp6yv/gradle-2.14.1/lib/plugins/simple-4.1.21.jar
7f82695d8000-7f82695e4000 r--s 00100000 08:13 139161                     /root/.gradle/wrapper/dists/gradle-2.14.1-all/8bnwg5hd3w55iofp58khbp6yv/gradle-2.14.1/lib/plugins/rhino-1.7R3.jar
7f82695e4000-7f82695e8000 r--s 00011000 08:13 139116                     /root/.gradle/wrapper/dists/gradle-2.14.1-all/8bnwg5hd3w55iofp58khbp6yv/gradle-2.14.1/lib/plugins/gradle-javascript-2.14.1.jar
7f82695e8000-7f82695ea000 r--s 0000c000 08:13 139122                     /root/.gradle/wrapper/dists/gradle-2.14.1-all/8bnwg5hd3w55iofp58khbp6yv/gradle-2.14.1/lib/plugins/gradle-jacoco-2.14.1.jar
7f82695ea000-7f82695ed000 r--s 0000e000 08:13 139121                     /root/.gradle/wrapper/dists/gradle-2.14.1-all/8bnwg5hd3w55iofp58khbp6yv/gradle-2.14.1/lib/plugins/gradle-ivy-2.14.1.jar
7f82695ed000-7f82695ee000 r--s 00002000 08:13 139132                     /root/.gradle/wrapper/dists/gradle-2.14.1-all/8bnwg5hd3w55iofp58khbp6yv/gradle-2.14.1/lib/plugins/gradle-ide-play-2.14.1.jar
7f82695ee000-7f82695f3000 r--s 0002b000 08:13 139134                     /root/.gradle/wrapper/dists/gradle-2.14.1-all/8bnwg5hd3w55iofp58khbp6yv/gradle-2.14.1/lib/plugins/gradle-ide-native-2.14.1.jar
7f82695f3000-7f82695fe000 r--s 00066000 08:13 139110                     /root/.gradle/wrapper/dists/gradle-2.14.1-all/8bnwg5hd3w55iofp58khbp6yv/gradle-2.14.1/lib/plugins/gradle-ide-2.14.1.jar
7f82695fe000-7f82695ff000 r--s 00008000 08:13 139115                     /root/.gradle/wrapper/dists/gradle-2.14.1-all/8bnwg5hd3w55iofp58khbp6yv/gradle-2.14.1/lib/plugins/gradle-ear-2.14.1.jar
7f82695ff000-7f8269605000 r--s 00032000 08:13 139118                     /root/.gradle/wrapper/dists/gradle-2.14.1-all/8bnwg5hd3w55iofp58khbp6yv/gradle-2.14.1/lib/plugins/gradle-diagnostics-2.14.1.jar
7f8269605000-7f8269609000 r--s 00021000 08:13 139105                     /root/.gradle/wrapper/dists/gradle-2.14.1-all/8bnwg5hd3w55iofp58khbp6yv/gradle-2.14.1/lib/plugins/gradle-code-quality-2.14.1.jar
7f8269609000-7f826960d000 r--s 0001f000 08:13 139123                     /root/.gradle/wrapper/dists/gradle-2.14.1-all/8bnwg5hd3w55iofp58khbp6yv/gradle-2.14.1/lib/plugins/gradle-build-init-2.14.1.jar
7f826960d000-7f8269614000 r--s 0008e000 08:13 139117                     /root/.gradle/wrapper/dists/gradle-2.14.1-all/8bnwg5hd3w55iofp58khbp6yv/gradle-2.14.1/lib/plugins/gradle-build-comparison-2.14.1.jar
7f8269614000-7f8269616000 r--s 00008000 08:13 139107                     /root/.gradle/wrapper/dists/gradle-2.14.1-all/8bnwg5hd3w55iofp58khbp6yv/gradle-2.14.1/lib/plugins/gradle-antlr-2.14.1.jar
7f8269616000-7f8269618000 r--s 00004000 08:13 139111                     /root/.gradle/wrapper/dists/gradle-2.14.1-all/8bnwg5hd3w55iofp58khbp6yv/gradle-2.14.1/lib/plugins/gradle-announce-2.14.1.jar
7f8269618000-7f8269630000 r--s 00115000 08:13 139212                     /root/.gradle/wrapper/dists/gradle-2.14.1-all/8bnwg5hd3w55iofp58khbp6yv/gradle-2.14.1/lib/plugins/xercesImpl-2.9.1.jar
7f8269630000-7f8269638000 r--s 00028000 08:13 139213                     /root/.gradle/wrapper/dists/gradle-2.14.1-all/8bnwg5hd3w55iofp58khbp6yv/gradle-2.14.1/lib/plugins/xml-apis-1.3.04.jar
7f8269638000-7f826963e000 r--s 0005b000 08:13 139211                     /root/.gradle/wrapper/dists/gradle-2.14.1-all/8bnwg5hd3w55iofp58khbp6yv/gradle-2.14.1/lib/plugins/jcifs-1.3.17.jar
7f826963e000-7f8269645000 r--s 00049000 08:13 139210                     /root/.gradle/wrapper/dists/gradle-2.14.1-all/8bnwg5hd3w55iofp58khbp6yv/gradle-2.14.1/lib/plugins/httpcore-4.4.4.jar
7f8269645000-7f826964b000 r--s 00033000 08:13 139158                     /root/.gradle/wrapper/dists/gradle-2.14.1-all/8bnwg5hd3w55iofp58khbp6yv/gradle-2.14.1/lib/plugins/commons-codec-1.6.jar
7f826964b000-7f826964e000 r--s 0001c000 08:13 139168                     /root/.gradle/wrapper/dists/gradle-2.14.1-all/8bnwg5hd3w55iofp58khbp6yv/gradle-2.14.1/lib/plugins/nekohtml-1.9.14.jar
7f826964e000-7f826965b000 r--s 000a4000 08:13 139167                     /root/.gradle/wrapper/dists/gradle-2.14.1-all/8bnwg5hd3w55iofp58khbp6yv/gradle-2.14.1/lib/plugins/httpclient-4.4.1.jar
7f826965b000-7f826965d000 r--s 0000a000 08:13 139140                     /root/.gradle/wrapper/dists/gradle-2.14.1-all/8bnwg5hd3w55iofp58khbp6yv/gradle-2.14.1/lib/plugins/gradle-resources-http-2.14.1.jar
7f826965d000-7f8269661000 r--s 00014000 08:13 139139                     /root/.gradle/wrapper/dists/gradle-2.14.1-all/8bnwg5hd3w55iofp58khbp6yv/gradle-2.14.1/lib/plugins/gradle-plugin-use-2.14.1.jar
7f8269661000-7f8269662000 r--s 00000000 08:13 139055                     /root/.gradle/wrapper/dists/gradle-2.14.1-all/8bnwg5hd3w55iofp58khbp6yv/gradle-2.14.1/lib/gradle-installation-beacon-2.14.1.jar
7f8269662000-7f8269663000 r--s 00007000 08:13 139206                     /root/.gradle/wrapper/dists/gradle-2.14.1-all/8bnwg5hd3w55iofp58khbp6yv/gradle-2.14.1/lib/plugins/wagon-http-shared4-2.4.jar
7f8269663000-7f8269667000 r--s 00033000 08:13 139205                     /root/.gradle/wrapper/dists/gradle-2.14.1-all/8bnwg5hd3w55iofp58khbp6yv/gradle-2.14.1/lib/plugins/plexus-utils-2.0.6.jar
7f8269667000-7f826966b000 r--s 00021000 08:13 139204                     /root/.gradle/wrapper/dists/gradle-2.14.1-all/8bnwg5hd3w55iofp58khbp6yv/gradle-2.14.1/lib/plugins/maven-model-builder-3.0.4.jar
7f826966b000-7f826966c000 r--s 00002000 08:13 139203                     /root/.gradle/wrapper/dists/gradle-2.14.1-all/8bnwg5hd3w55iofp58khbp6yv/gradle-2.14.1/lib/plugins/wagon-file-2.4.jar
7f826966c000-7f826966e000 r--s 00002000 08:13 139202                     /root/.gradle/wrapper/dists/gradle-2.14.1-all/8bnwg5hd3w55iofp58khbp6yv/gradle-2.14.1/lib/plugins/plexus-cipher-1.7.jar
7f826966e000-7f8269671000 r--s 00013000 08:13 139201                     /root/.gradle/wrapper/dists/gradle-2.14.1-all/8bnwg5hd3w55iofp58khbp6yv/gradle-2.14.1/lib/plugins/aether-api-1.13.1.jar
7f8269671000-7f8269673000 r--s 0000a000 08:13 139200                     /root/.gradle/wrapper/dists/gradle-2.14.1-all/8bnwg5hd3w55iofp58khbp6yv/gradle-2.14.1/lib/plugins/maven-settings-3.0.4.jar
7f8269673000-7f8269675000 r--s 0000d000 08:13 139199                     /root/.gradle/wrapper/dists/gradle-2.14.1-all/8bnwg5hd3w55iofp58khbp6yv/gradle-2.14.1/lib/plugins/plexus-interpolation-1.14.jar
7f8269675000-7f8269677000 r--s 0000b000 08:13 139198                     /root/.gradle/wrapper/dists/gradle-2.14.1-all/8bnwg5hd3w55iofp58khbp6yv/gradle-2.14.1/lib/plugins/maven-artifact-3.0.4.jar
7f8269677000-7f826967e000 r--s 0002e000 08:13 139197                     /root/.gradle/wrapper/dists/gradle-2.14.1-all/8bnwg5hd3w55iofp58khbp6yv/gradle-2.14.1/lib/plugins/plexus-container-default-1.5.5.jar
7f826967e000-7f8269680000 r--s 0000b000 08:13 139196                     /root/.gradle/wrapper/dists/gradle-2.14.1-all/8bnwg5hd3w55iofp58khbp6yv/gradle-2.14.1/lib/plugins/maven-plugin-api-3.0.4.jar
7f8269680000-7f8269682000 r--s 00000000 08:13 139214                     /root/.gradle/wrapper/dists/gradle-2.14.1-all/8bnwg5hd3w55iofp58khbp6yv/gradle-2.14.1/lib/plugins/plexus-component-annotations-1.5.5.jar
7f8269682000-7f8269688000 r--s 0003f000 08:13 139195                     /root/.gradle/wrapper/dists/gradle-2.14.1-all/8bnwg5hd3w55iofp58khbp6yv/gradle-2.14.1/lib/plugins/maven-compat-3.0.4.jar
7f8269688000-7f826968b000 r--s 00008000 08:13 139194                     /root/.gradle/wrapper/dists/gradle-2.14.1-all/8bnwg5hd3w55iofp58khbp6yv/gradle-2.14.1/lib/plugins/maven-settings-builder-3.0.4.jar
7f826968b000-7f826968c000 r--s 00002000 08:13 139193                     /root/.gradle/wrapper/dists/gradle-2.14.1-all/8bnwg5hd3w55iofp58khbp6yv/gradle-2.14.1/lib/plugins/wagon-http-2.4.jar
7f826968c000-7f826968e000 r--s 00026000 08:13 139192                     /root/.gradle/wrapper/dists/gradle-2.14.1-all/8bnwg5hd3w55iofp58khbp6yv/gradle-2.14.1/lib/plugins/maven-model-3.0.4.jar
7f826968e000-7f8269690000 r--s 00006000 08:13 139191                     /root/.gradle/wrapper/dists/gradle-2.14.1-all/8bnwg5hd3w55iofp58khbp6yv/gradle-2.14.1/lib/plugins/aether-connector-wagon-1.13.1.jar
7f8269690000-7f8269692000 r--s 0000a000 08:13 139190                     /root/.gradle/wrapper/dists/gradle-2.14.1-all/8bnwg5hd3w55iofp58khbp6yv/gradle-2.14.1/lib/plugins/plexus-classworlds-2.4.jar
7f8269692000-7f8269694000 r--s 00006000 08:13 139189                     /root/.gradle/wrapper/dists/gradle-2.14.1-all/8bnwg5hd3w55iofp58khbp6yv/gradle-2.14.1/lib/plugins/maven-repository-metadata-3.0.4.jar
7f8269694000-7f8269696000 r--s 0000c000 08:13 139188                     /root/.gradle/wrapper/dists/gradle-2.14.1-all/8bnwg5hd3w55iofp58khbp6yv/gradle-2.14.1/lib/plugins/maven-aether-provider-3.0.4.jar
7f8269696000-7f8269698000 r--s 0000b000 08:13 139187                     /root/.gradle/wrapper/dists/gradle-2.14.1-all/8bnwg5hd3w55iofp58khbp6yv/gradle-2.14.1/lib/plugins/wagon-provider-api-2.4.jar
7f8269698000-7f8269699000 r--s 00003000 08:13 139186                     /root/.gradle/wrapper/dists/gradle-2.14.1-all/8bnwg5hd3w55iofp58khbp6yv/gradle-2.14.1/lib/plugins/aether-spi-1.13.1.jar
7f8269699000-7f826969d000 r--s 0001c000 08:13 139185                     /root/.gradle/wrapper/dists/gradle-2.14.1-all/8bnwg5hd3w55iofp58khbp6yv/gradle-2.14.1/lib/plugins/aether-util-1.13.1.jar
7f826969d000-7f82696a0000 r--s 0001d000 08:13 139184                     /root/.gradle/wrapper/dists/gradle-2.14.1-all/8bnwg5hd3w55iofp58khbp6yv/gradle-2.14.1/lib/plugins/aether-impl-1.13.1.jar
7f82696a0000-7f82696a5000 r--s 00040000 08:13 139169                     /root/.gradle/wrapper/dists/gradle-2.14.1-all/8bnwg5hd3w55iofp58khbp6yv/gradle-2.14.1/lib/plugins/jsch-0.1.53.jar
7f82696a5000-7f82696e5000 r--s 00277000 08:13 139179                     /root/.gradle/wrapper/dists/gradle-2.14.1-all/8bnwg5hd3w55iofp58khbp6yv/gradle-2.14.1/lib/plugins/bcprov-jdk15on-1.51.jar
7f82696e5000-7f82696e9000 r--s 0001d000 08:13 139178                     /root/.gradle/wrapper/dists/gradle-2.14.1-all/8bnwg5hd3w55iofp58khbp6yv/gradle-2.14.1/lib/plugins/xbean-reflect-3.4.jar
7f82696e9000-7f82696f5000 r--s 0007d000 08:13 139155                     /root/.gradle/wrapper/dists/gradle-2.14.1-all/8bnwg5hd3w55iofp58khbp6yv/gradle-2.14.1/lib/plugins/maven-core-3.0.4.jar
7f82696f5000-7f8269704000 r--s 000d9000 08:13 139177                     /root/.gradle/wrapper/dists/gradle-2.14.1-all/8bnwg5hd3w55iofp58khbp6yv/gradle-2.14.1/lib/plugins/ivy-2.2.0.jar
7f8269704000-7f826971a000 r-xp 00000000 08:13 1572868                    /lib/x86_64-linux-gnu/libgcc_s.so.1
7f826971a000-7f8269919000 ---p 00016000 08:13 1572868                    /lib/x86_64-linux-gnu/libgcc_s.so.1
7f8269919000-7f826991a000 rw-p 00015000 08:13 1572868                    /lib/x86_64-linux-gnu/libgcc_s.so.1
7f826991a000-7f8269a06000 r-xp 00000000 08:13 5640797                    /usr/lib/x86_64-linux-gnu/libstdc++.so.6.0.20
7f8269a06000-7f8269c06000 ---p 000ec000 08:13 5640797                    /usr/lib/x86_64-linux-gnu/libstdc++.so.6.0.20
7f8269c06000-7f8269c0e000 r--p 000ec000 08:13 5640797                    /usr/lib/x86_64-linux-gnu/libstdc++.so.6.0.20
7f8269c0e000-7f8269c10000 rw-p 000f4000 08:13 5640797                    /usr/lib/x86_64-linux-gnu/libstdc++.so.6.0.20
7f8269c10000-7f8269c25000 rw-p 00000000 00:00 0 
7f8269c25000-7f8269c26000 r--s 00006000 08:13 139183                     /root/.gradle/wrapper/dists/gradle-2.14.1-all/8bnwg5hd3w55iofp58khbp6yv/gradle-2.14.1/lib/plugins/plexus-sec-dispatcher-1.3.jar
7f8269c26000-7f8269c2b000 r--s 0002a000 08:13 139162                     /root/.gradle/wrapper/dists/gradle-2.14.1-all/8bnwg5hd3w55iofp58khbp6yv/gradle-2.14.1/lib/plugins/gson-2.2.4.jar
7f8269c2b000-7f8269c47000 r--s 000d3000 08:13 139144                     /root/.gradle/wrapper/dists/gradle-2.14.1-all/8bnwg5hd3w55iofp58khbp6yv/gradle-2.14.1/lib/plugins/gradle-dependency-management-2.14.1.jar
7f8269c47000-7f8269c4b000 r-xp 00000000 08:13 5777581                    /root/.gradle/native/19/linux-amd64/libnative-platform.so
7f8269c4b000-7f8269e4a000 ---p 00004000 08:13 5777581                    /root/.gradle/native/19/linux-amd64/libnative-platform.so
7f8269e4a000-7f8269e4b000 rw-p 00003000 08:13 5777581                    /root/.gradle/native/19/linux-amd64/libnative-platform.so
7f8269e4b000-7f8269e5c000 r-xp 00000000 08:12 11149977                   /home/space/Documents/android-studio/jre/jre/lib/amd64/libnio.so
7f8269e5c000-7f826a05b000 ---p 00011000 08:12 11149977                   /home/space/Documents/android-studio/jre/jre/lib/amd64/libnio.so
7f826a05b000-7f826a05c000 r--p 00010000 08:12 11149977                   /home/space/Documents/android-studio/jre/jre/lib/amd64/libnio.so
7f826a05c000-7f826a05d000 rw-p 00011000 08:12 11149977                   /home/space/Documents/android-studio/jre/jre/lib/amd64/libnio.so
7f826a05d000-7f826a35e000 rw-p 00000000 00:00 0 
7f826a35e000-7f826a375000 r-xp 00000000 08:12 11149970                   /home/space/Documents/android-studio/jre/jre/lib/amd64/libnet.so
7f826a375000-7f826a574000 ---p 00017000 08:12 11149970                   /home/space/Documents/android-studio/jre/jre/lib/amd64/libnet.so
7f826a574000-7f826a575000 r--p 00016000 08:12 11149970                   /home/space/Documents/android-studio/jre/jre/lib/amd64/libnet.so
7f826a575000-7f826a576000 rw-p 00017000 08:12 11149970                   /home/space/Documents/android-studio/jre/jre/lib/amd64/libnet.so
7f826a576000-7f826a578000 r--s 00005000 08:13 139045                     /root/.gradle/wrapper/dists/gradle-2.14.1-all/8bnwg5hd3w55iofp58khbp6yv/gradle-2.14.1/lib/gradle-wrapper-2.14.1.jar
7f826a578000-7f826a586000 r--s 0004f000 08:13 139061                     /root/.gradle/wrapper/dists/gradle-2.14.1-all/8bnwg5hd3w55iofp58khbp6yv/gradle-2.14.1/lib/gradle-tooling-api-2.14.1.jar
7f826a586000-7f826a588000 r--s 00002000 08:13 139081                     /root/.gradle/wrapper/dists/gradle-2.14.1-all/8bnwg5hd3w55iofp58khbp6yv/gradle-2.14.1/lib/gradle-open-api-2.14.1.jar
7f826a588000-7f826a58e000 r--s 00032000 08:13 139083                     /root/.gradle/wrapper/dists/gradle-2.14.1-all/8bnwg5hd3w55iofp58khbp6yv/gradle-2.14.1/lib/jaxen-1.1.jar
7f826a58e000-7f826a593000 r--s 00048000 08:13 139082                     /root/.gradle/wrapper/dists/gradle-2.14.1-all/8bnwg5hd3w55iofp58khbp6yv/gradle-2.14.1/lib/dom4j-1.6.1.jar
7f826a593000-7f826a59e000 r--s 00059000 08:13 139060                     /root/.gradle/wrapper/dists/gradle-2.14.1-all/8bnwg5hd3w55iofp58khbp6yv/gradle-2.14.1/lib/gradle-ui-2.14.1.jar
7f826a59e000-7f826a5a1000 r--s 0000b000 08:13 139079                     /root/.gradle/wrapper/dists/gradle-2.14.1-all/8bnwg5hd3w55iofp58khbp6yv/gradle-2.14.1/lib/gradle-resources-2.14.1.jar
7f826a5a1000-7f826a5a3000 r--s 00003000 08:13 139091                     /root/.gradle/wrapper/dists/gradle-2.14.1-all/8bnwg5hd3w55iofp58khbp6yv/gradle-2.14.1/lib/jcl-over-slf4j-1.7.10.jar
7f826a5a3000-7f826a5a4000 r--s 00005000 08:13 139090                     /root/.gradle/wrapper/dists/gradle-2.14.1-all/8bnwg5hd3w55iofp58khbp6yv/gradle-2.14.1/lib/log4j-over-slf4j-1.7.10.jar
7f826a5a4000-7f826a5a6000 r--s 00000000 08:13 139089                     /root/.gradle/wrapper/dists/gradle-2.14.1-all/8bnwg5hd3w55iofp58khbp6yv/gradle-2.14.1/lib/jul-to-slf4j-1.7.10.jar
7f826a5a6000-7f826a5ab000 r--s 0001c000 08:13 139078                     /root/.gradle/wrapper/dists/gradle-2.14.1-all/8bnwg5hd3w55iofp58khbp6yv/gradle-2.14.1/lib/gradle-logging-2.14.1.jar
7f826a5ab000-7f826a5ad000 r--s 00007000 08:13 139102                     /root/.gradle/wrapper/dists/gradle-2.14.1-all/8bnwg5hd3w55iofp58khbp6yv/gradle-2.14.1/lib/objenesis-1.2.jar
7f826a5ad000-7f826a5af000 r--s 00000000 08:13 139101                     /root/.gradle/wrapper/dists/gradle-2.14.1-all/8bnwg5hd3w55iofp58khbp6yv/gradle-2.14.1/lib/minlog-1.2.jar
7f826a5af000-7f826a5b1000 r--s 0000f000 08:13 139100                     /root/.gradle/wrapper/dists/gradle-2.14.1-all/8bnwg5hd3w55iofp58khbp6yv/gradle-2.14.1/lib/reflectasm-1.07-shaded.jar
7f826a5b1000-7f826a5b5000 r--s 00026000 08:13 139088                     /root/.gradle/wrapper/dists/gradle-2.14.1-all/8bnwg5hd3w55iofp58khbp6yv/gradle-2.14.1/lib/kryo-2.20.jar
7f826a5b5000-7f826a5bb000 r--s 00025000 08:13 139077                     /root/.gradle/wrapper/dists/gradle-2.14.1-all/8bnwg5hd3w55iofp58khbp6yv/gradle-2.14.1/lib/gradle-messaging-2.14.1.jar
7f826a5bb000-7f826a5bc000 r--s 00003000 08:13 139099                     /root/.gradle/wrapper/dists/gradle-2.14.1-all/8bnwg5hd3w55iofp58khbp6yv/gradle-2.14.1/lib/native-platform-freebsd-amd64-0.10.jar
7f826a5bc000-7f826a5bd000 r--s 00003000 08:13 139098                     /root/.gradle/wrapper/dists/gradle-2.14.1-all/8bnwg5hd3w55iofp58khbp6yv/gradle-2.14.1/lib/native-platform-freebsd-i386-0.10.jar
7f826a5bd000-7f826a5be000 r--s 00005000 08:13 139097                     /root/.gradle/wrapper/dists/gradle-2.14.1-all/8bnwg5hd3w55iofp58khbp6yv/gradle-2.14.1/lib/native-platform-windows-i386-0.10.jar
7f826a5be000-7f826a5bf000 r--s 00005000 08:13 139096                     /root/.gradle/wrapper/dists/gradle-2.14.1-all/8bnwg5hd3w55iofp58khbp6yv/gradle-2.14.1/lib/native-platform-windows-amd64-0.10.jar
7f826a5bf000-7f826a5c0000 r--s 00003000 08:13 139095                     /root/.gradle/wrapper/dists/gradle-2.14.1-all/8bnwg5hd3w55iofp58khbp6yv/gradle-2.14.1/lib/native-platform-linux-i386-0.10.jar
7f826a5c0000-7f826a5c1000 r--s 00003000 08:13 139094                     /root/.gradle/wrapper/dists/gradle-2.14.1-all/8bnwg5hd3w55iofp58khbp6yv/gradle-2.14.1/lib/native-platform-linux-amd64-0.10.jar
7f826a5c1000-7f826a5d0000 r--s 00080000 08:13 139068                     /root/.gradle/wrapper/dists/gradle-2.14.1-all/8bnwg5hd3w55iofp58khbp6yv/gradle-2.14.1/lib/gradle-model-core-2.14.1.jar
7f826a5d0000-7f826a63f000 r--s 0063e000 08:13 139067                     /root/.gradle/wrapper/dists/gradle-2.14.1-all/8bnwg5hd3w55iofp58khbp6yv/gradle-2.14.1/lib/groovy-all-2.4.4.jar
7f826a63f000-7f826a667000 r--s 001cf000 08:13 139064                     /root/.gradle/wrapper/dists/gradle-2.14.1-all/8bnwg5hd3w55iofp58khbp6yv/gradle-2.14.1/lib/guava-jdk5-17.0.jar
7f826a667000-7f826a686000 r--s 001d1000 08:13 139071                     /root/.gradle/wrapper/dists/gradle-2.14.1-all/8bnwg5hd3w55iofp58khbp6yv/gradle-2.14.1/lib/ant-1.9.6.jar
7f826a686000-7f826a6bd000 r--s 001bd000 08:13 139058                     /root/.gradle/wrapper/dists/gradle-2.14.1-all/8bnwg5hd3w55iofp58khbp6yv/gradle-2.14.1/lib/gradle-core-2.14.1.jar
7f826a6bd000-7f826a6be000 ---p 00000000 00:00 0 
7f826a6be000-7f826a7be000 rw-p 00000000 00:00 0                          [stack:10332]
7f826a7be000-7f826a7c1000 ---p 00000000 00:00 0 
7f826a7c1000-7f826a8bf000 rw-p 00000000 00:00 0                          [stack:10331]
7f826a8bf000-7f826a8c2000 ---p 00000000 00:00 0 
7f826a8c2000-7f826a9c0000 rw-p 00000000 00:00 0                          [stack:10330]
7f826a9c0000-7f826a9c3000 ---p 00000000 00:00 0 
7f826a9c3000-7f826aac1000 rw-p 00000000 00:00 0                          [stack:10329]
7f826aac1000-7f826aac4000 ---p 00000000 00:00 0 
7f826aac4000-7f826abc2000 rw-p 00000000 00:00 0                          [stack:10328]
7f826abc2000-7f826abc5000 ---p 00000000 00:00 0 
7f826abc5000-7f826acc3000 rw-p 00000000 00:00 0                          [stack:10327]
7f826acc3000-7f826ae8c000 r--p 00000000 08:13 5647363                    /usr/lib/locale/locale-archive
7f826ae8c000-7f826ae8f000 ---p 00000000 00:00 0 
7f826ae8f000-7f826af8d000 rw-p 00000000 00:00 0                          [stack:10326]
7f826af8d000-7f826af90000 ---p 00000000 00:00 0 
7f826af90000-7f826b08e000 rw-p 00000000 00:00 0                          [stack:10325]
7f826b08e000-7f826b08f000 ---p 00000000 00:00 0 
7f826b08f000-7f826c000000 rw-p 00000000 00:00 0                          [stack:10324]
7f826c000000-7f826c042000 rw-p 00000000 00:00 0 
7f826c042000-7f8270000000 ---p 00000000 00:00 0 
7f8270000000-7f8270002000 r--s 00008000 08:13 139086                     /root/.gradle/wrapper/dists/gradle-2.14.1-all/8bnwg5hd3w55iofp58khbp6yv/gradle-2.14.1/lib/jansi-1.2.1.jar
7f8270002000-7f8270005000 r--s 0000d000 08:13 139085                     /root/.gradle/wrapper/dists/gradle-2.14.1-all/8bnwg5hd3w55iofp58khbp6yv/gradle-2.14.1/lib/native-platform-0.10.jar
7f8270005000-7f8270009000 r--s 000e4000 08:13 139084                     /root/.gradle/wrapper/dists/gradle-2.14.1-all/8bnwg5hd3w55iofp58khbp6yv/gradle-2.14.1/lib/jna-3.2.7.jar
7f8270009000-7f827000b000 r--s 00009000 08:13 139062                     /root/.gradle/wrapper/dists/gradle-2.14.1-all/8bnwg5hd3w55iofp58khbp6yv/gradle-2.14.1/lib/gradle-native-2.14.1.jar
7f827000b000-7f827000d000 r--s 00005000 08:13 139059                     /root/.gradle/wrapper/dists/gradle-2.14.1-all/8bnwg5hd3w55iofp58khbp6yv/gradle-2.14.1/lib/gradle-cli-2.14.1.jar
7f827000d000-7f827001a000 r--s 00083000 08:13 139072                     /root/.gradle/wrapper/dists/gradle-2.14.1-all/8bnwg5hd3w55iofp58khbp6yv/gradle-2.14.1/lib/commons-collections-3.2.2.jar
7f827001a000-7f827013c000 rw-p 00000000 00:00 0 
7f827013c000-7f8270309000 r--s 03bec000 08:12 11014582                   /home/space/Documents/android-studio/jre/jre/lib/rt.jar
7f8270309000-7f8273e09000 rw-p 00000000 00:00 0 
7f8273e09000-7f8273e0a000 ---p 00000000 00:00 0 
7f8273e0a000-7f8273f0a000 rw-p 00000000 00:00 0                          [stack:10323]
7f8273f0a000-7f8273f0b000 ---p 00000000 00:00 0 
7f8273f0b000-7f827400b000 rw-p 00000000 00:00 0                          [stack:10322]
7f827400b000-7f827400c000 ---p 00000000 00:00 0 
7f827400c000-7f8274177000 rw-p 00000000 00:00 0                          [stack:10321]
7f8274177000-7f827430c000 ---p 00000000 00:00 0 
7f827430c000-7f8274377000 rw-p 00000000 00:00 0 
7f8274377000-7f827450c000 ---p 00000000 00:00 0 
7f827450c000-7f82745c6000 rw-p 00000000 00:00 0 
7f82745c6000-7f827460c000 ---p 00000000 00:00 0 
7f827460c000-7f82746bb000 rw-p 00000000 00:00 0 
7f82746bb000-7f82749cd000 ---p 00000000 00:00 0 
7f82749cd000-7f827753d000 rwxp 00000000 00:00 0 
7f827753d000-7f82839cd000 ---p 00000000 00:00 0 
7f82839cd000-7f82839e7000 r-xp 00000000 08:12 11149813                   /home/space/Documents/android-studio/jre/jre/lib/amd64/libzip.so
7f82839e7000-7f8283be7000 ---p 0001a000 08:12 11149813                   /home/space/Documents/android-studio/jre/jre/lib/amd64/libzip.so
7f8283be7000-7f8283be8000 r--p 0001a000 08:12 11149813                   /home/space/Documents/android-studio/jre/jre/lib/amd64/libzip.so
7f8283be8000-7f8283be9000 rw-p 0001b000 08:12 11149813                   /home/space/Documents/android-studio/jre/jre/lib/amd64/libzip.so
7f8283be9000-7f8283bf4000 r-xp 00000000 08:13 1580091                    /lib/x86_64-linux-gnu/libnss_files-2.19.so
7f8283bf4000-7f8283df3000 ---p 0000b000 08:13 1580091                    /lib/x86_64-linux-gnu/libnss_files-2.19.so
7f8283df3000-7f8283df4000 r--p 0000a000 08:13 1580091                    /lib/x86_64-linux-gnu/libnss_files-2.19.so
7f8283df4000-7f8283df5000 rw-p 0000b000 08:13 1580091                    /lib/x86_64-linux-gnu/libnss_files-2.19.so
7f8283df5000-7f8283dff000 r-xp 00000000 08:13 1580093                    /lib/x86_64-linux-gnu/libnss_nis-2.19.so
7f8283dff000-7f8283ffe000 ---p 0000a000 08:13 1580093                    /lib/x86_64-linux-gnu/libnss_nis-2.19.so
7f8283ffe000-7f8283fff000 r--p 00009000 08:13 1580093                    /lib/x86_64-linux-gnu/libnss_nis-2.19.so
7f8283fff000-7f8284000000 rw-p 0000a000 08:13 1580093                    /lib/x86_64-linux-gnu/libnss_nis-2.19.so
7f8284000000-7f8284b47000 rw-p 00000000 00:00 0 
7f8284b47000-7f8288000000 ---p 00000000 00:00 0 
7f8288000000-7f8288001000 r--s 00002000 08:13 139093                     /root/.gradle/wrapper/dists/gradle-2.14.1-all/8bnwg5hd3w55iofp58khbp6yv/gradle-2.14.1/lib/native-platform-osx-amd64-0.10.jar
7f8288001000-7f82880c4000 rw-p 00000000 00:00 0 
7f82880c4000-7f82880c5000 ---p 00000000 00:00 0 
7f82880c5000-7f82881c5000 rw-p 00000000 00:00 0                          [stack:10320]
7f82881c5000-7f82881da000 r-xp 00000000 08:13 1580088                    /lib/x86_64-linux-gnu/libnsl-2.19.so
7f82881da000-7f82883d9000 ---p 00015000 08:13 1580088                    /lib/x86_64-linux-gnu/libnsl-2.19.so
7f82883d9000-7f82883da000 r--p 00014000 08:13 1580088                    /lib/x86_64-linux-gnu/libnsl-2.19.so
7f82883da000-7f82883db000 rw-p 00015000 08:13 1580088                    /lib/x86_64-linux-gnu/libnsl-2.19.so
7f82883db000-7f82883dd000 rw-p 00000000 00:00 0 
7f82883dd000-7f82883e4000 r-xp 00000000 08:13 1580089                    /lib/x86_64-linux-gnu/libnss_compat-2.19.so
7f82883e4000-7f82885e3000 ---p 00007000 08:13 1580089                    /lib/x86_64-linux-gnu/libnss_compat-2.19.so
7f82885e3000-7f82885e4000 r--p 00006000 08:13 1580089                    /lib/x86_64-linux-gnu/libnss_compat-2.19.so
7f82885e4000-7f82885e5000 rw-p 00007000 08:13 1580089                    /lib/x86_64-linux-gnu/libnss_compat-2.19.so
7f82885e5000-7f8288612000 r-xp 00000000 08:12 11168485                   /home/space/Documents/android-studio/jre/jre/lib/amd64/libjava.so
7f8288612000-7f8288811000 ---p 0002d000 08:12 11168485                   /home/space/Documents/android-studio/jre/jre/lib/amd64/libjava.so
7f8288811000-7f8288812000 r--p 0002c000 08:12 11168485                   /home/space/Documents/android-studio/jre/jre/lib/amd64/libjava.so
7f8288812000-7f8288814000 rw-p 0002d000 08:12 11168485                   /home/space/Documents/android-studio/jre/jre/lib/amd64/libjava.so
7f8288814000-7f8288824000 r-xp 00000000 08:12 11168501                   /home/space/Documents/android-studio/jre/jre/lib/amd64/libverify.so
7f8288824000-7f8288a23000 ---p 00010000 08:12 11168501                   /home/space/Documents/android-studio/jre/jre/lib/amd64/libverify.so
7f8288a23000-7f8288a25000 r--p 0000f000 08:12 11168501                   /home/space/Documents/android-studio/jre/jre/lib/amd64/libverify.so
7f8288a25000-7f8288a26000 rw-p 00011000 08:12 11168501                   /home/space/Documents/android-studio/jre/jre/lib/amd64/libverify.so
7f8288a26000-7f8288a2d000 r-xp 00000000 08:13 1580097                    /lib/x86_64-linux-gnu/librt-2.19.so
7f8288a2d000-7f8288c2c000 ---p 00007000 08:13 1580097                    /lib/x86_64-linux-gnu/librt-2.19.so
7f8288c2c000-7f8288c2d000 r--p 00006000 08:13 1580097                    /lib/x86_64-linux-gnu/librt-2.19.so
7f8288c2d000-7f8288c2e000 rw-p 00007000 08:13 1580097                    /lib/x86_64-linux-gnu/librt-2.19.so
7f8288c2e000-7f8288d2e000 r-xp 00000000 08:13 1580086                    /lib/x86_64-linux-gnu/libm-2.19.so
7f8288d2e000-7f8288f2d000 ---p 00100000 08:13 1580086                    /lib/x86_64-linux-gnu/libm-2.19.so
7f8288f2d000-7f8288f2e000 r--p 000ff000 08:13 1580086                    /lib/x86_64-linux-gnu/libm-2.19.so
7f8288f2e000-7f8288f2f000 rw-p 00100000 08:13 1580086                    /lib/x86_64-linux-gnu/libm-2.19.so
7f8288f2f000-7f8289b15000 r-xp 00000000 08:12 11168505                   /home/space/Documents/android-studio/jre/jre/lib/amd64/server/libjvm.so
7f8289b15000-7f8289d15000 ---p 00be6000 08:12 11168505                   /home/space/Documents/android-studio/jre/jre/lib/amd64/server/libjvm.so
7f8289d15000-7f8289db4000 r--p 00be6000 08:12 11168505                   /home/space/Documents/android-studio/jre/jre/lib/amd64/server/libjvm.so
7f8289db4000-7f8289ddd000 rw-p 00c85000 08:12 11168505                   /home/space/Documents/android-studio/jre/jre/lib/amd64/server/libjvm.so
7f8289ddd000-7f8289e1f000 rw-p 00000000 00:00 0 
7f8289e1f000-7f8289e37000 r-xp 00000000 08:13 1575884                    /lib/x86_64-linux-gnu/libpthread-2.19.so
7f8289e37000-7f828a036000 ---p 00018000 08:13 1575884                    /lib/x86_64-linux-gnu/libpthread-2.19.so
7f828a036000-7f828a037000 r--p 00017000 08:13 1575884                    /lib/x86_64-linux-gnu/libpthread-2.19.so
7f828a037000-7f828a038000 rw-p 00018000 08:13 1575884                    /lib/x86_64-linux-gnu/libpthread-2.19.so
7f828a038000-7f828a03c000 rw-p 00000000 00:00 0 
7f828a03c000-7f828a03f000 r-xp 00000000 08:13 1580085                    /lib/x86_64-linux-gnu/libdl-2.19.so
7f828a03f000-7f828a23e000 ---p 00003000 08:13 1580085                    /lib/x86_64-linux-gnu/libdl-2.19.so
7f828a23e000-7f828a23f000 r--p 00002000 08:13 1580085                    /lib/x86_64-linux-gnu/libdl-2.19.so
7f828a23f000-7f828a240000 rw-p 00003000 08:13 1580085                    /lib/x86_64-linux-gnu/libdl-2.19.so
7f828a240000-7f828a3e1000 r-xp 00000000 08:13 1580082                    /lib/x86_64-linux-gnu/libc-2.19.so
7f828a3e1000-7f828a5e1000 ---p 001a1000 08:13 1580082                    /lib/x86_64-linux-gnu/libc-2.19.so
7f828a5e1000-7f828a5e5000 r--p 001a1000 08:13 1580082                    /lib/x86_64-linux-gnu/libc-2.19.so
7f828a5e5000-7f828a5e7000 rw-p 001a5000 08:13 1580082                    /lib/x86_64-linux-gnu/libc-2.19.so
7f828a5e7000-7f828a5eb000 rw-p 00000000 00:00 0 
7f828a5eb000-7f828a601000 r-xp 00000000 08:12 11013482                   /home/space/Documents/android-studio/jre/lib/amd64/jli/libjli.so
7f828a601000-7f828a800000 ---p 00016000 08:12 11013482                   /home/space/Documents/android-studio/jre/lib/amd64/jli/libjli.so
7f828a800000-7f828a801000 r--p 00015000 08:12 11013482                   /home/space/Documents/android-studio/jre/lib/amd64/jli/libjli.so
7f828a801000-7f828a802000 rw-p 00016000 08:12 11013482                   /home/space/Documents/android-studio/jre/lib/amd64/jli/libjli.so
7f828a802000-7f828a823000 r-xp 00000000 08:13 1580079                    /lib/x86_64-linux-gnu/ld-2.19.so
7f828a823000-7f828a824000 r--s 00002000 08:13 139092                     /root/.gradle/wrapper/dists/gradle-2.14.1-all/8bnwg5hd3w55iofp58khbp6yv/gradle-2.14.1/lib/native-platform-osx-i386-0.10.jar
7f828a824000-7f828a826000 r--s 00007000 08:13 139069                     /root/.gradle/wrapper/dists/gradle-2.14.1-all/8bnwg5hd3w55iofp58khbp6yv/gradle-2.14.1/lib/gradle-model-groovy-2.14.1.jar
7f828a826000-7f828a827000 r--s 00006000 08:13 139076                     /root/.gradle/wrapper/dists/gradle-2.14.1-all/8bnwg5hd3w55iofp58khbp6yv/gradle-2.14.1/lib/gradle-base-services-groovy-2.14.1.jar
7f828a827000-7f828a828000 r--s 00002000 08:13 139080                     /root/.gradle/wrapper/dists/gradle-2.14.1-all/8bnwg5hd3w55iofp58khbp6yv/gradle-2.14.1/lib/gradle-docs-2.14.1.jar
7f828a828000-7f828a829000 r--s 00000000 08:13 139075                     /root/.gradle/wrapper/dists/gradle-2.14.1-all/8bnwg5hd3w55iofp58khbp6yv/gradle-2.14.1/lib/javax.inject-1.jar
7f828a829000-7f828a82d000 r--s 00027000 08:13 139073                     /root/.gradle/wrapper/dists/gradle-2.14.1-all/8bnwg5hd3w55iofp58khbp6yv/gradle-2.14.1/lib/commons-io-2.2.jar
7f828a82d000-7f828a832000 r--s 00038000 08:13 139070                     /root/.gradle/wrapper/dists/gradle-2.14.1-all/8bnwg5hd3w55iofp58khbp6yv/gradle-2.14.1/lib/asm-all-5.1.jar
7f828a832000-7f828a837000 r--s 00041000 08:13 139065                     /root/.gradle/wrapper/dists/gradle-2.14.1-all/8bnwg5hd3w55iofp58khbp6yv/gradle-2.14.1/lib/commons-lang-2.6.jar
7f828a837000-7f828a8f9000 rw-p 00000000 00:00 0 
7f828a8f9000-7f828a8fc000 ---p 00000000 00:00 0 
7f828a8fc000-7f828a9fe000 rw-p 00000000 00:00 0                          [stack:10319]
7f828a9fe000-7f828a9ff000 r--s 00000000 08:13 139074                     /root/.gradle/wrapper/dists/gradle-2.14.1-all/8bnwg5hd3w55iofp58khbp6yv/gradle-2.14.1/lib/jcip-annotations-1.0.jar
7f828a9ff000-7f828aa00000 r--s 00001000 08:13 139066                     /root/.gradle/wrapper/dists/gradle-2.14.1-all/8bnwg5hd3w55iofp58khbp6yv/gradle-2.14.1/lib/gradle-process-services-2.14.1.jar
7f828aa00000-7f828aa01000 r--s 00000000 08:13 139057                     /root/.gradle/wrapper/dists/gradle-2.14.1-all/8bnwg5hd3w55iofp58khbp6yv/gradle-2.14.1/lib/gradle-jvm-services-2.14.1.jar
7f828aa01000-7f828aa02000 r--s 00007000 08:13 139063                     /root/.gradle/wrapper/dists/gradle-2.14.1-all/8bnwg5hd3w55iofp58khbp6yv/gradle-2.14.1/lib/slf4j-api-1.7.10.jar
7f828aa02000-7f828aa03000 r--s 00004000 08:13 139087                     /root/.gradle/wrapper/dists/gradle-2.14.1-all/8bnwg5hd3w55iofp58khbp6yv/gradle-2.14.1/lib/ant-launcher-1.9.6.jar
7f828aa03000-7f828aa0b000 r--s 0003a000 08:13 139056                     /root/.gradle/wrapper/dists/gradle-2.14.1-all/8bnwg5hd3w55iofp58khbp6yv/gradle-2.14.1/lib/gradle-base-services-2.14.1.jar
7f828aa0b000-7f828aa16000 r--s 00051000 08:13 137050                     /root/.gradle/wrapper/dists/gradle-2.14.1-all/8bnwg5hd3w55iofp58khbp6yv/gradle-2.14.1/lib/gradle-launcher-2.14.1.jar
7f828aa16000-7f828aa1e000 rw-s 00000000 08:13 10362664                   /tmp/hsperfdata_root/10315
7f828aa1e000-7f828aa1f000 rw-p 00000000 00:00 0 
7f828aa1f000-7f828aa20000 ---p 00000000 00:00 0 
7f828aa20000-7f828aa22000 rw-p 00000000 00:00 0 
7f828aa22000-7f828aa23000 r--p 00020000 08:13 1580079                    /lib/x86_64-linux-gnu/ld-2.19.so
7f828aa23000-7f828aa24000 rw-p 00021000 08:13 1580079                    /lib/x86_64-linux-gnu/ld-2.19.so
7f828aa24000-7f828aa25000 rw-p 00000000 00:00 0 
7ffc29f0a000-7ffc29f2b000 rw-p 00000000 00:00 0                          [stack]
7ffc29f66000-7ffc29f68000 r-xp 00000000 00:00 0                          [vdso]
7ffc29f68000-7ffc29f6a000 r--p 00000000 00:00 0                          [vvar]
ffffffffff600000-ffffffffff601000 r-xp 00000000 00:00 0                  [vsyscall]

VM Arguments:
jvm_args: -Xmx1536m -Dfile.encoding=UTF-8 -Duser.country=IN -Duser.language=en -Duser.variant 
java_command: org.gradle.launcher.daemon.bootstrap.GradleDaemon 2.14.1
java_class_path (initial): /root/.gradle/wrapper/dists/gradle-2.14.1-all/8bnwg5hd3w55iofp58khbp6yv/gradle-2.14.1/lib/gradle-launcher-2.14.1.jar
Launcher Type: SUN_STANDARD

Environment Variables:
JAVA_HOME=/usr/lib/jvm/java-8-oracle/
PATH=/usr/local/sbin:/usr/local/bin:/usr/sbin:/usr/bin:/sbin:/bin:/home/space/Android/Sdk/tools:/home/space/Android/Sdk/platform-tools:/usr/lib/jvm/java-8-oracle/
USERNAME=space
LD_LIBRARY_PATH=.:
SHELL=/bin/bash
DISPLAY=:0

Signal Handlers:
SIGSEGV: [libjvm.so+0x9daac0], sa_mask[0]=11111111011111111101111111111110, sa_flags=SA_RESTART|SA_SIGINFO
SIGBUS: [libjvm.so+0x9daac0], sa_mask[0]=11111111011111111101111111111110, sa_flags=SA_RESTART|SA_SIGINFO
SIGFPE: [libjvm.so+0x840d90], sa_mask[0]=11111111011111111101111111111110, sa_flags=SA_RESTART|SA_SIGINFO
SIGPIPE: [libjvm.so+0x840d90], sa_mask[0]=11111111011111111101111111111110, sa_flags=SA_RESTART|SA_SIGINFO
SIGXFSZ: [libjvm.so+0x840d90], sa_mask[0]=11111111011111111101111111111110, sa_flags=SA_RESTART|SA_SIGINFO
SIGILL: [libjvm.so+0x840d90], sa_mask[0]=11111111011111111101111111111110, sa_flags=SA_RESTART|SA_SIGINFO
SIGUSR1: SIG_DFL, sa_mask[0]=00000000000000000000000000000000, sa_flags=none
SIGUSR2: [libjvm.so+0x840c60], sa_mask[0]=00100000000000000000000000000000, sa_flags=SA_RESTART|SA_SIGINFO
SIGHUP: [libjvm.so+0x840e50], sa_mask[0]=11111111011111111101111111111110, sa_flags=SA_RESTART|SA_SIGINFO
SIGINT: [libjvm.so+0x840e50], sa_mask[0]=11111111011111111101111111111110, sa_flags=SA_RESTART|SA_SIGINFO
SIGTERM: [libjvm.so+0x840e50], sa_mask[0]=11111111011111111101111111111110, sa_flags=SA_RESTART|SA_SIGINFO
SIGQUIT: [libjvm.so+0x840e50], sa_mask[0]=11111111011111111101111111111110, sa_flags=SA_RESTART|SA_SIGINFO


---------------  S Y S T E M  ---------------

OS:PRETTY_NAME="Debian GNU/Linux 8 (jessie)"
NAME="Debian GNU/Linux"
VERSION_ID="8"
VERSION="8 (jessie)"
ID=debian
HOME_URL="http://www.debian.org/"
SUPPORT_URL="http://www.debian.org/support"
BUG_REPORT_URL="https://bugs.debian.org/"

uname:Linux 3.16.0-4-amd64 #1 SMP Debian 3.16.39-1 (2016-12-30) x86_64
libc:glibc 2.19 NPTL 2.19 
rlimit: STACK 8192k, CORE 0k, NPROC 15060, NOFILE 65536, AS infinity
load average:0.50 0.22 0.20

/proc/meminfo:
MemTotal:        3873440 kB
MemFree:          125056 kB
MemAvailable:      86924 kB
Buffers:            1496 kB
Cached:           394280 kB
SwapCached:            0 kB
Active:          3243848 kB
Inactive:         355020 kB
Active(anon):    3218340 kB
Inactive(anon):   322996 kB
Active(file):      25508 kB
Inactive(file):    32024 kB
Unevictable:         136 kB
Mlocked:             136 kB
SwapTotal:             0 kB
SwapFree:              0 kB
Dirty:              5316 kB
Writeback:           232 kB
AnonPages:       3203644 kB
Mapped:           117180 kB
Shmem:            337832 kB
Slab:              69508 kB
SReclaimable:      35144 kB
SUnreclaim:        34364 kB
KernelStack:        9488 kB
PageTables:        36268 kB
NFS_Unstable:          0 kB
Bounce:                0 kB
WritebackTmp:          0 kB
CommitLimit:     1936720 kB
Committed_AS:    7441400 kB
VmallocTotal:   34359738367 kB
VmallocUsed:      346488 kB
VmallocChunk:   34359363044 kB
HardwareCorrupted:     0 kB
AnonHugePages:         0 kB
HugePages_Total:       0
HugePages_Free:        0
HugePages_Rsvd:        0
HugePages_Surp:        0
Hugepagesize:       2048 kB
DirectMap4k:       91180 kB
DirectMap2M:     3915776 kB


CPU:total 4 (4 cores per cpu, 1 threads per core) family 6 model 58 stepping 9, cmov, cx8, fxsr, mmx, sse, sse2, sse3, ssse3, sse4.1, sse4.2, popcnt, avx, aes, clmul, erms, tsc, tscinvbit, tscinv

/proc/cpuinfo:
processor	: 0
vendor_id	: GenuineIntel
cpu family	: 6
model		: 58
model name	: Intel(R) Core(TM) i5-3330 CPU @ 3.00GHz
stepping	: 9
microcode	: 0x16
cpu MHz		: 3184.570
cache size	: 6144 KB
physical id	: 0
siblings	: 4
core id		: 0
cpu cores	: 4
apicid		: 0
initial apicid	: 0
fpu		: yes
fpu_exception	: yes
cpuid level	: 13
wp		: yes
flags		: fpu vme de pse tsc msr pae mce cx8 apic sep mtrr pge mca cmov pat pse36 clflush dts acpi mmx fxsr sse sse2 ss ht tm pbe syscall nx rdtscp lm constant_tsc arch_perfmon pebs bts rep_good nopl xtopology nonstop_tsc aperfmperf eagerfpu pni pclmulqdq dtes64 monitor ds_cpl vmx est tm2 ssse3 cx16 xtpr pdcm pcid sse4_1 sse4_2 x2apic popcnt tsc_deadline_timer aes xsave avx f16c rdrand lahf_lm ida arat epb xsaveopt pln pts dtherm tpr_shadow vnmi flexpriority ept vpid fsgsbase smep erms
bogomips	: 5986.48
clflush size	: 64
cache_alignment	: 64
address sizes	: 36 bits physical, 48 bits virtual
power management:

processor	: 1
vendor_id	: GenuineIntel
cpu family	: 6
model		: 58
model name	: Intel(R) Core(TM) i5-3330 CPU @ 3.00GHz
stepping	: 9
microcode	: 0x16
cpu MHz		: 2786.250
cache size	: 6144 KB
physical id	: 0
siblings	: 4
core id		: 1
cpu cores	: 4
apicid		: 2
initial apicid	: 2
fpu		: yes
fpu_exception	: yes
cpuid level	: 13
wp		: yes
flags		: fpu vme de pse tsc msr pae mce cx8 apic sep mtrr pge mca cmov pat pse36 clflush dts acpi mmx fxsr sse sse2 ss ht tm pbe syscall nx rdtscp lm constant_tsc arch_perfmon pebs bts rep_good nopl xtopology nonstop_tsc aperfmperf eagerfpu pni pclmulqdq dtes64 monitor ds_cpl vmx est tm2 ssse3 cx16 xtpr pdcm pcid sse4_1 sse4_2 x2apic popcnt tsc_deadline_timer aes xsave avx f16c rdrand lahf_lm ida arat epb xsaveopt pln pts dtherm tpr_shadow vnmi flexpriority ept vpid fsgsbase smep erms
bogomips	: 5986.48
clflush size	: 64
cache_alignment	: 64
address sizes	: 36 bits physical, 48 bits virtual
power management:

processor	: 2
vendor_id	: GenuineIntel
cpu family	: 6
model		: 58
model name	: Intel(R) Core(TM) i5-3330 CPU @ 3.00GHz
stepping	: 9
microcode	: 0x16
cpu MHz		: 2838.046
cache size	: 6144 KB
physical id	: 0
siblings	: 4
core id		: 2
cpu cores	: 4
apicid		: 4
initial apicid	: 4
fpu		: yes
fpu_exception	: yes
cpuid level	: 13
wp		: yes
flags		: fpu vme de pse tsc msr pae mce cx8 apic sep mtrr pge mca cmov pat pse36 clflush dts acpi mmx fxsr sse sse2 ss ht tm pbe syscall nx rdtscp lm constant_tsc arch_perfmon pebs bts rep_good nopl xtopology nonstop_tsc aperfmperf eagerfpu pni pclmulqdq dtes64 monitor ds_cpl vmx est tm2 ssse3 cx16 xtpr pdcm pcid sse4_1 sse4_2 x2apic popcnt tsc_deadline_timer aes xsave avx f16c rdrand lahf_lm ida arat epb xsaveopt pln pts dtherm tpr_shadow vnmi flexpriority ept vpid fsgsbase smep erms
bogomips	: 5986.48
clflush size	: 64
cache_alignment	: 64
address sizes	: 36 bits physical, 48 bits virtual
power management:

processor	: 3
vendor_id	: GenuineIntel
cpu family	: 6
model		: 58
model name	: Intel(R) Core(TM) i5-3330 CPU @ 3.00GHz
stepping	: 9
microcode	: 0x16
cpu MHz		: 3072.890
cache size	: 6144 KB
physical id	: 0
siblings	: 4
core id		: 3
cpu cores	: 4
apicid		: 6
initial apicid	: 6
fpu		: yes
fpu_exception	: yes
cpuid level	: 13
wp		: yes
flags		: fpu vme de pse tsc msr pae mce cx8 apic sep mtrr pge mca cmov pat pse36 clflush dts acpi mmx fxsr sse sse2 ss ht tm pbe syscall nx rdtscp lm constant_tsc arch_perfmon pebs bts rep_good nopl xtopology nonstop_tsc aperfmperf eagerfpu pni pclmulqdq dtes64 monitor ds_cpl vmx est tm2 ssse3 cx16 xtpr pdcm pcid sse4_1 sse4_2 x2apic popcnt tsc_deadline_timer aes xsave avx f16c rdrand lahf_lm ida arat epb xsaveopt pln pts dtherm tpr_shadow vnmi flexpriority ept vpid fsgsbase smep erms
bogomips	: 5986.48
clflush size	: 64
cache_alignment	: 64
address sizes	: 36 bits physical, 48 bits virtual
power management:



Memory: 4k page, physical 3873440k(125056k free), swap 0k(0k free)

vm_info: OpenJDK 64-Bit Server VM (25.76-b03) for linux-amd64 JRE (1.8.0_76-release-b03), built on Jun 29 2016 09:39:19 by "builder" with gcc 4.8.4

time: Wed Oct 11 19:20:35 2017
elapsed time: 2896 seconds (0d 0h 48m 16s)

